<?xml version="1.0" encoding="UTF-8"?>
<!-- Generated by org.testng.reporters.JUnitXMLReporter -->
<testsuite ignored="0" hostname="DESKTOP-G6C87T1" failures="0" tests="2" name="End to End Framework Test" time="160.672" errors="0" timestamp="2025-06-19T16:29:16 IST">
  <testcase classname="org.rahulshettyacademy.eCommerce_tc_4_Hybrid" name="FillForm" time="52.896"/>
  <testcase classname="org.rahulshettyacademy.eCommerce_tc_4_Hybrid" name="FillForm" time="58.876"/>
</testsuite> <!-- End to End Framework Test -->
