<?xml version="1.0" encoding="UTF-8"?>
<!-- Generated by org.testng.reporters.JUnitXMLReporter -->
<testsuite ignored="0" hostname="DESKTOP-G6C87T1" failures="0" tests="2" name="Error Validation Test" time="104.022" errors="0" timestamp="2025-06-19T16:31:01 IST">
  <testcase classname="org.rahulshettyacademy.eCommerce_tc_1" name="FillForm_ErrorValidation" time="54.849"/>
  <testcase classname="org.rahulshettyacademy.eCommerce_tc_1" name="FillForm_PositiveFlow" time="20.035"/>
</testsuite> <!-- Error Validation Test -->
