<?xml version="1.0" encoding="UTF-8"?>
<!-- Generated by org.testng.reporters.JUnitXMLReporter -->
<testsuite ignored="0" hostname="DESKTOP-G6C87T1" failures="0" tests="2" name="Error Validation Test" time="109.863" errors="0" timestamp="2025-06-19T17:12:32 IST">
  <testcase classname="org.rahulshettyacademy.eCommerce_tc_1" name="FillForm_ErrorValidation" time="56.151"/>
  <testcase classname="org.rahulshettyacademy.eCommerce_tc_1" name="FillForm_PositiveFlow" time="20.438"/>
</testsuite> <!-- Error Validation Test -->
