<?xml version="1.0" encoding="UTF-8"?>
<testsuite xmlns:xsi="http://www.w3.org/2001/XMLSchema-instance" xsi:noNamespaceSchemaLocation="https://maven.apache.org/surefire/maven-surefire-plugin/xsd/surefire-test-report.xsd" version="3.0.2" name="TestSuite" time="284.058" tests="4" errors="0" skipped="0" failures="0">
  <properties>
[...]
</properties>
  <testcase name="FillForm[{gender=Female, name=Rahul Shetty, country=Argentina}](1)" classname="org.rahulshettyacademy.eCommerce_tc_4_Hybrid" time="57.541">
    <system-out><![CDATA[&amp#27;[38;5;112m[Appium]&amp#27;[0m Welcome to Appium v2.18.0
&amp#27;[38;5;112m[Appium]&amp#27;[0m Non-default server args:
&amp#27;[38;5;112m[Appium]&amp#27;[0m { address: &amp#27;[32m'127.0.0.1'&amp#27;[39m }
&amp#27;[38;5;112m[Appium]&amp#27;[0m The autodetected Appium home path: C:\Users\admin
&amp#27;[38;5;112m[Appium]&amp#27;[0m Attempting to load driver uiautomator2...
&amp#27;[38;5;112m[Appium]&amp#27;[0m Requiring driver at C:\Users\admin\node_modules\appium-uiautomator2-driver\build\index.js
&amp#27;[38;5;112m[Appium]&amp#27;[0m AndroidUiautomator2Driver has been successfully loaded in 1.641s
&amp#27;[38;5;112m[Appium]&amp#27;[0m Appium REST http interface listener started on http://127.0.0.1:4723
&amp#27;[38;5;112m[Appium]&amp#27;[0m Available drivers:
&amp#27;[38;5;112m[Appium]&amp#27;[0m   - uiautomator2@4.2.3 (automationName 'UiAutomator2')
&amp#27;[38;5;112m[Appium]&amp#27;[0m No plugins have been installed. Use the "appium plugin" command to install the one(s) you want to use.
&amp#27;[38;5;86m[HTTP]&amp#27;[0m &amp#27;[37m-->&amp#27;[39m &amp#27;[37mGET&amp#27;[39m &amp#27;[37m/status&amp#27;[39m &amp#27;[90m{}&amp#27;[39m
&amp#27;[38;5;30m[AppiumDriver@2eda]&amp#27;[0m Calling AppiumDriver.getStatus() with args: []
&amp#27;[38;5;30m[AppiumDriver@2eda]&amp#27;[0m Responding to client with driver.getStatus() result: {"ready":true,"message":"The server is ready to accept new connections","build":{"version":"2.18.0"}}
&amp#27;[38;5;86m[HTTP]&amp#27;[0m &amp#27;[37m<-- GET /status &amp#27;[39m&amp#27;[32m200&amp#27;[39m &amp#27;[90m11 ms - 111&amp#27;[39m &amp#27;[90m&amp#27;[39m
&amp#27;[38;5;86m[HTTP]&amp#27;[0m Request idempotency key: 1509c325-9bce-4ca1-8c71-5d5ad834a54d
&amp#27;[38;5;86m[HTTP]&amp#27;[0m &amp#27;[37m-->&amp#27;[39m &amp#27;[37mPOST&amp#27;[39m &amp#27;[37m/session&amp#27;[39m &amp#27;[90m{"capabilities":{"firstMatch":[{"appium:chromedriverExecutable":"C:\\Users\\admin\\Downloads\\Appium\\chromedriver-win64\\chromedriver-win64\\chromedriver.exe","appium:deviceName":"Pixel 5","platformName":"ANDROID","appium:automationName":"UIAutomator2","appium:app":"C:\\Users\\admin\\eclipse-workspace\\AppiumFrameworkDesign//src//test//java//org//rahulshettyacademy//resources//General-Store.apk"}]}}&amp#27;[39m
&amp#27;[38;5;30m[AppiumDriver@2eda]&amp#27;[0m Calling AppiumDriver.createSession() with args: [null,null,{"firstMatch":[{"appium:chromedriverExecutable":"C:\\Users\\admin\\Downloads\\Appium\\chromedriver-win64\\chromedriver-win64\\chromedriver.exe","appium:deviceName":"Pixel 5","platformName":"ANDROID","appium:automationName":"UIAutomator2","appium:app":"C:\\Users\\admin\\eclipse-workspace\\AppiumFrameworkDesign//src//test//java//org//rahulshettyacademy//resources//General-Store.apk"}]}]
&amp#27;[38;5;30m[AppiumDriver@2eda]&amp#27;[0m Event 'newSessionRequested' logged at 1750333075889 (17:07:55 GMT+0530 (India Standard Time))
&amp#27;[38;5;112m[Appium]&amp#27;[0m Attempting to find matching driver for automationName 'UIAutomator2' and platformName 'ANDROID'
&amp#27;[38;5;112m[Appium]&amp#27;[0m The 'uiautomator2' driver was installed and matched caps.
&amp#27;[38;5;112m[Appium]&amp#27;[0m Will require it at C:\Users\admin\node_modules\appium-uiautomator2-driver
&amp#27;[38;5;112m[Appium]&amp#27;[0m Requiring driver at C:\Users\admin\node_modules\appium-uiautomator2-driver\build\index.js
&amp#27;[38;5;30m[AppiumDriver@2eda]&amp#27;[0m Appium v2.18.0 creating new AndroidUiautomator2Driver (v4.2.3) session
&amp#27;[38;5;30m[AppiumDriver@2eda]&amp#27;[0m Checking BaseDriver versions for Appium and AndroidUiautomator2Driver
&amp#27;[38;5;30m[AppiumDriver@2eda]&amp#27;[0m Appium's BaseDriver version is 9.17.0
&amp#27;[38;5;30m[AppiumDriver@2eda]&amp#27;[0m AndroidUiautomator2Driver's BaseDriver version is 9.16.4
&amp#27;[38;5;-38m[AndroidUiautomator2Driver@17ed]&amp#27;[0m 
&amp#27;[38;5;-38m[AndroidUiautomator2Driver@17ed]&amp#27;[0m Creating session with W3C capabilities: {
  "alwaysMatch": {
    "platformName": "ANDROID",
    "appium:chromedriverExecutable": "C:\\Users\\admin\\Downloads\\Appium\\chromedriver-win64\\chromedriver-win64\\chromedriver.exe",
    "appium:deviceName": "Pixel 5",
    "appium:automationName": "UIAutomator2",
    "appium:app": "C:\\Users\\admin\\eclipse-workspace\\AppiumFrameworkDesign//src//test//java//org//rahulshettyacademy//resources//General-Store.apk"
  },
  "firstMatch": [
    {}
  ]
}
&amp#27;[38;5;192m[429c4b0f]&amp#27;[0m&amp#27;[38;5;-38m[AndroidUiautomator2Driver@17ed]&amp#27;[0m Session created with session id: 429c4b0f-8341-488e-8711-9b6c6c81ed49
&amp#27;[38;5;192m[429c4b0f]&amp#27;[0m&amp#27;[38;5;229m[ADB]&amp#27;[0m Found 3 'build-tools' folders under 'C:\Users\admin\AppData\Local\Android\Sdk' (newest first):
&amp#27;[38;5;192m[429c4b0f]&amp#27;[0m&amp#27;[38;5;229m[ADB]&amp#27;[0m     C:\Users\admin\AppData\Local\Android\Sdk\build-tools\36.0.0
&amp#27;[38;5;192m[429c4b0f]&amp#27;[0m&amp#27;[38;5;229m[ADB]&amp#27;[0m     C:\Users\admin\AppData\Local\Android\Sdk\build-tools\35.0.1
&amp#27;[38;5;192m[429c4b0f]&amp#27;[0m&amp#27;[38;5;229m[ADB]&amp#27;[0m     C:\Users\admin\AppData\Local\Android\Sdk\build-tools\35.0.0
&amp#27;[38;5;192m[429c4b0f]&amp#27;[0m&amp#27;[38;5;229m[ADB]&amp#27;[0m Using 'adb.exe' from 'C:\Users\admin\AppData\Local\Android\Sdk\platform-tools\adb.exe'
&amp#27;[38;5;192m[429c4b0f]&amp#27;[0m&amp#27;[38;5;229m[ADB]&amp#27;[0m Running 'C:\Users\admin\AppData\Local\Android\Sdk\platform-tools\adb.exe -P 5037 start-server'
&amp#27;[38;5;192m[429c4b0f]&amp#27;[0m&amp#27;[38;5;-38m[AndroidUiautomator2Driver@17ed]&amp#27;[0m Retrieving device list
&amp#27;[38;5;192m[429c4b0f]&amp#27;[0m&amp#27;[38;5;229m[ADB]&amp#27;[0m Trying to find connected Android devices
&amp#27;[38;5;192m[429c4b0f]&amp#27;[0m&amp#27;[38;5;229m[ADB]&amp#27;[0m Getting connected devices
&amp#27;[38;5;192m[429c4b0f]&amp#27;[0m&amp#27;[38;5;229m[ADB]&amp#27;[0m Connected devices: [{"udid":"emulator-5554","state":"device"}]
&amp#27;[38;5;192m[429c4b0f]&amp#27;[0m&amp#27;[38;5;-38m[AndroidUiautomator2Driver@17ed]&amp#27;[0m Using device: emulator-5554
&amp#27;[38;5;192m[429c4b0f]&amp#27;[0m&amp#27;[38;5;229m[ADB]&amp#27;[0m Using 'adb.exe' from 'C:\Users\admin\AppData\Local\Android\Sdk\platform-tools\adb.exe'
&amp#27;[38;5;192m[429c4b0f]&amp#27;[0m&amp#27;[38;5;229m[ADB]&amp#27;[0m Running 'C:\Users\admin\AppData\Local\Android\Sdk\platform-tools\adb.exe -P 5037 start-server'
&amp#27;[38;5;192m[429c4b0f]&amp#27;[0m&amp#27;[38;5;229m[ADB]&amp#27;[0m Setting device id to emulator-5554
&amp#27;[38;5;192m[429c4b0f]&amp#27;[0m&amp#27;[38;5;123m[BaseDriver]&amp#27;[0m Using local app 'C:\Users\admin\eclipse-workspace\AppiumFrameworkDesign//src//test//java//org//rahulshettyacademy//resources//General-Store.apk'
&amp#27;[38;5;192m[429c4b0f]&amp#27;[0m&amp#27;[38;5;-38m[AndroidUiautomator2Driver@17ed]&amp#27;[0m Checking whether app is actually present
&amp#27;[38;5;192m[429c4b0f]&amp#27;[0m&amp#27;[38;5;229m[ADB]&amp#27;[0m Running 'C:\Users\admin\AppData\Local\Android\Sdk\platform-tools\adb.exe -P 5037 -s emulator-5554 shell getprop ro.build.version.sdk'
&amp#27;[38;5;192m[429c4b0f]&amp#27;[0m&amp#27;[38;5;229m[ADB]&amp#27;[0m Current device property 'ro.build.version.sdk': 36
&amp#27;[38;5;192m[429c4b0f]&amp#27;[0m&amp#27;[38;5;229m[ADB]&amp#27;[0m Getting device platform version
&amp#27;[38;5;192m[429c4b0f]&amp#27;[0m&amp#27;[38;5;229m[ADB]&amp#27;[0m Running 'C:\Users\admin\AppData\Local\Android\Sdk\platform-tools\adb.exe -P 5037 -s emulator-5554 shell getprop ro.build.version.release'
&amp#27;[38;5;192m[429c4b0f]&amp#27;[0m&amp#27;[38;5;229m[ADB]&amp#27;[0m Current device property 'ro.build.version.release': 16
&amp#27;[38;5;192m[429c4b0f]&amp#27;[0m&amp#27;[38;5;229m[ADB]&amp#27;[0m Device API level: 36
&amp#27;[38;5;192m[429c4b0f]&amp#27;[0m&amp#27;[38;5;-38m[AndroidUiautomator2Driver@17ed]&amp#27;[0m Relaxing hidden api policy
&amp#27;[38;5;192m[429c4b0f]&amp#27;[0m&amp#27;[38;5;229m[ADB]&amp#27;[0m Running 'C:\Users\admin\AppData\Local\Android\Sdk\platform-tools\adb.exe -P 5037 -s emulator-5554 shell 'settings put global hidden_api_policy_pre_p_apps 1;settings put global hidden_api_policy_p_apps 1;settings put global hidden_api_policy 1''
&amp#27;[38;5;192m[429c4b0f]&amp#27;[0m&amp#27;[38;5;-38m[AndroidUiautomator2Driver@17ed]&amp#27;[0m Parsing package and activity from the 'General-Store.apk' file manifest
&amp#27;[38;5;192m[429c4b0f]&amp#27;[0m&amp#27;[38;5;229m[ADB]&amp#27;[0m Running 'C:\Users\admin\AppData\Local\Android\Sdk\platform-tools\adb.exe -P 5037 -s emulator-5554 wait-for-device'
&amp#27;[38;5;192m[429c4b0f]&amp#27;[0m&amp#27;[38;5;229m[ADB]&amp#27;[0m Using 'aapt2.exe' from 'C:\Users\admin\AppData\Local\Android\Sdk\build-tools\36.0.0\aapt2.exe'
&amp#27;[38;5;192m[429c4b0f]&amp#27;[0m&amp#27;[38;5;229m[ADB]&amp#27;[0m Reading package manifest: 'C:\\Users\\admin\\AppData\\Local\\Android\\Sdk\\build-tools\\36.0.0\\aapt2.exe dump badging C:\\Users\\admin\\eclipse-workspace\\AppiumFrameworkDesign//src//test//java//org//rahulshettyacademy//resources//General-Store.apk'
&amp#27;[38;5;192m[429c4b0f]&amp#27;[0m&amp#27;[38;5;229m[ADB]&amp#27;[0m Running 'C:\Users\admin\AppData\Local\Android\Sdk\platform-tools\adb.exe -P 5037 -s emulator-5554 shell echo ping'
&amp#27;[38;5;192m[429c4b0f]&amp#27;[0m&amp#27;[38;5;229m[ADB]&amp#27;[0m Package name: 'com.androidsample.generalstore'
&amp#27;[38;5;192m[429c4b0f]&amp#27;[0m&amp#27;[38;5;229m[ADB]&amp#27;[0m Main activity name: 'com.androidsample.generalstore.SplashActivity'
&amp#27;[38;5;192m[429c4b0f]&amp#27;[0m&amp#27;[38;5;-38m[AndroidUiautomator2Driver@17ed]&amp#27;[0m Resolved launch package -> activity: com.androidsample.generalstore -> com.androidsample.generalstore.SplashActivity
&amp#27;[38;5;192m[429c4b0f]&amp#27;[0m&amp#27;[38;5;-38m[AndroidUiautomator2Driver@17ed]&amp#27;[0m Resolved wait package -> activity: com.androidsample.generalstore -> com.androidsample.generalstore.SplashActivity
&amp#27;[38;5;192m[429c4b0f]&amp#27;[0m&amp#27;[38;5;-38m[AndroidUiautomator2Driver@17ed]&amp#27;[0m Pushing settings apk to the device...
&amp#27;[38;5;192m[429c4b0f]&amp#27;[0m&amp#27;[38;5;229m[ADB]&amp#27;[0m Getting package info for 'io.appium.settings'
&amp#27;[38;5;192m[429c4b0f]&amp#27;[0m&amp#27;[38;5;229m[ADB]&amp#27;[0m Running 'C:\Users\admin\AppData\Local\Android\Sdk\platform-tools\adb.exe -P 5037 -s emulator-5554 shell dumpsys package io.appium.settings'
&amp#27;[38;5;192m[429c4b0f]&amp#27;[0m&amp#27;[38;5;229m[ADB]&amp#27;[0m Reading package manifest: 'C:\\Users\\admin\\AppData\\Local\\Android\\Sdk\\build-tools\\36.0.0\\aapt2.exe dump badging C:\\Users\\admin\\node_modules\\appium-uiautomator2-driver\\node_modules\\io.appium.settings\\apks\\settings_apk-debug.apk'
&amp#27;[38;5;192m[429c4b0f]&amp#27;[0m&amp#27;[38;5;229m[ADB]&amp#27;[0m The version name of the installed 'io.appium.settings' is greater or equal to the application version name ('5.14.8' >= '5.14.8')
&amp#27;[38;5;192m[429c4b0f]&amp#27;[0m&amp#27;[38;5;229m[ADB]&amp#27;[0m There is no need to install/upgrade 'C:\Users\admin\node_modules\appium-uiautomator2-driver\node_modules\io.appium.settings\apks\settings_apk-debug.apk'
&amp#27;[38;5;192m[429c4b0f]&amp#27;[0m&amp#27;[38;5;229m[ADB]&amp#27;[0m Running 'C:\Users\admin\AppData\Local\Android\Sdk\platform-tools\adb.exe -P 5037 -s emulator-5554 shell dumpsys activity services io.appium.settings'
&amp#27;[38;5;192m[429c4b0f]&amp#27;[0m&amp#27;[38;5;-38m[AndroidUiautomator2Driver@17ed]&amp#27;[0m io.appium.settings is already running. There is no need to reset its permissions.
&amp#27;[38;5;192m[429c4b0f]&amp#27;[0m&amp#27;[38;5;160m[Logcat]&amp#27;[0m Starting logs capture with command: C:\\Users\\admin\\AppData\\Local\\Android\\Sdk\\platform-tools\\adb.exe -P 5037 -s emulator-5554 logcat -v threadtime
&amp#27;[38;5;192m[429c4b0f]&amp#27;[0m&amp#27;[38;5;-38m[AndroidUiautomator2Driver@17ed]&amp#27;[0m Forwarding UiAutomator2 Server port 6790 to local port 8209
&amp#27;[38;5;192m[429c4b0f]&amp#27;[0m&amp#27;[38;5;229m[ADB]&amp#27;[0m Forwarding system: 8209 to device: 6790
&amp#27;[38;5;192m[429c4b0f]&amp#27;[0m&amp#27;[38;5;229m[ADB]&amp#27;[0m Running 'C:\Users\admin\AppData\Local\Android\Sdk\platform-tools\adb.exe -P 5037 -s emulator-5554 forward tcp:8209 tcp:6790'
&amp#27;[38;5;192m[429c4b0f]&amp#27;[0m&amp#27;[38;5;-38m[AndroidUiautomator2Driver@17ed]&amp#27;[0m UIA2Proxy options: {"server":"127.0.0.1","port":8209,"keepAlive":true,"scheme":"http","base":"","reqBasePath":"","sessionId":null,"timeout":240000}
&amp#27;[38;5;192m[429c4b0f]&amp#27;[0m&amp#27;[38;5;229m[ADB]&amp#27;[0m Getting package info for 'io.appium.uiautomator2.server'
&amp#27;[38;5;192m[429c4b0f]&amp#27;[0m&amp#27;[38;5;229m[ADB]&amp#27;[0m Running 'C:\Users\admin\AppData\Local\Android\Sdk\platform-tools\adb.exe -P 5037 -s emulator-5554 shell dumpsys package io.appium.uiautomator2.server'
&amp#27;[38;5;192m[429c4b0f]&amp#27;[0m&amp#27;[38;5;229m[ADB]&amp#27;[0m Getting install status for io.appium.uiautomator2.server.test
&amp#27;[38;5;192m[429c4b0f]&amp#27;[0m&amp#27;[38;5;229m[ADB]&amp#27;[0m Checking app cert for C:\Users\admin\eclipse-workspace\AppiumFrameworkDesign//src//test//java//org//rahulshettyacademy//resources//General-Store.apk
&amp#27;[38;5;192m[429c4b0f]&amp#27;[0m&amp#27;[38;5;229m[ADB]&amp#27;[0m Running 'C:\Users\admin\AppData\Local\Android\Sdk\platform-tools\adb.exe -P 5037 -s emulator-5554 shell cmd package list packages'
&amp#27;[38;5;192m[429c4b0f]&amp#27;[0m&amp#27;[38;5;229m[ADB]&amp#27;[0m Using 'apksigner.jar' from 'C:\Users\admin\AppData\Local\Android\Sdk\build-tools\36.0.0\lib\apksigner.jar'
&amp#27;[38;5;192m[429c4b0f]&amp#27;[0m&amp#27;[38;5;229m[ADB]&amp#27;[0m Starting apksigner: 'C:\\Program Files\\Java\\jdk-21\\bin\\java.exe' -Xmx1024M -Xss1m -jar C:\\Users\\admin\\AppData\\Local\\Android\\Sdk\\build-tools\\36.0.0\\lib\\apksigner.jar verify --print-certs C:\\Users\\admin\\eclipse-workspace\\AppiumFrameworkDesign//src//test//java//org//rahulshettyacademy//resources//General-Store.apk
&amp#27;[38;5;192m[429c4b0f]&amp#27;[0m&amp#27;[38;5;229m[ADB]&amp#27;[0m 'io.appium.uiautomator2.server.test' is installed
&amp#27;[38;5;192m[429c4b0f]&amp#27;[0m&amp#27;[38;5;229m[ADB]&amp#27;[0m Reading package manifest: 'C:\\Users\\admin\\AppData\\Local\\Android\\Sdk\\build-tools\\36.0.0\\aapt2.exe dump badging C:\\Users\\admin\\node_modules\\appium-uiautomator2-driver\\node_modules\\appium-uiautomator2-server\\apks\\appium-uiautomator2-server-v7.5.2.apk'
&amp#27;[38;5;192m[429c4b0f]&amp#27;[0m&amp#27;[38;5;229m[ADB]&amp#27;[0m The version name of the installed 'io.appium.uiautomator2.server' is greater or equal to the application version name ('7.5.2' >= '7.5.2')
&amp#27;[38;5;192m[429c4b0f]&amp#27;[0m&amp#27;[38;5;-38m[AndroidUiautomator2Driver@17ed]&amp#27;[0m Server packages status: [{"installState":"sameVersionInstalled","appPath":"C:\\Users\\admin\\node_modules\\appium-uiautomator2-driver\\node_modules\\appium-uiautomator2-server\\apks\\appium-uiautomator2-server-v7.5.2.apk","appId":"io.appium.uiautomator2.server"},{"installState":"sameVersionInstalled","appPath":"C:\\Users\\admin\\node_modules\\appium-uiautomator2-driver\\node_modules\\appium-uiautomator2-server\\apks\\appium-uiautomator2-server-debug-androidTest.apk","appId":"io.appium.uiautomator2.server.test"}]
&amp#27;[38;5;192m[429c4b0f]&amp#27;[0m&amp#27;[38;5;-38m[AndroidUiautomator2Driver@17ed]&amp#27;[0m Server packages are not going to be (re)installed
&amp#27;[38;5;192m[429c4b0f]&amp#27;[0m&amp#27;[38;5;-38m[AndroidUiautomator2Driver@17ed]&amp#27;[0m Waiting up to 30000ms for services to be available
&amp#27;[38;5;192m[429c4b0f]&amp#27;[0m&amp#27;[38;5;229m[ADB]&amp#27;[0m Running 'C:\Users\admin\AppData\Local\Android\Sdk\platform-tools\adb.exe -P 5037 -s emulator-5554 shell pm list instrumentation'
&amp#27;[38;5;192m[429c4b0f]&amp#27;[0m&amp#27;[38;5;-38m[AndroidUiautomator2Driver@17ed]&amp#27;[0m Instrumentation target 'io.appium.uiautomator2.server.test/androidx.test.runner.AndroidJUnitRunner' is available
&amp#27;[38;5;192m[429c4b0f]&amp#27;[0m&amp#27;[38;5;229m[ADB]&amp#27;[0m Adding packages ["io.appium.settings","io.appium.uiautomator2.server","io.appium.uiautomator2.server.test"] to Doze whitelist
&amp#27;[38;5;192m[429c4b0f]&amp#27;[0m&amp#27;[38;5;229m[ADB]&amp#27;[0m Got the following command chunks to execute: [["dumpsys","deviceidle","whitelist","+io.appium.settings",";","dumpsys","deviceidle","whitelist","+io.appium.uiautomator2.server",";","dumpsys","deviceidle","whitelist","+io.appium.uiautomator2.server.test",";"]]
&amp#27;[38;5;192m[429c4b0f]&amp#27;[0m&amp#27;[38;5;229m[ADB]&amp#27;[0m Running 'C:\Users\admin\AppData\Local\Android\Sdk\platform-tools\adb.exe -P 5037 -s emulator-5554 shell dumpsys deviceidle whitelist +io.appium.settings ; dumpsys deviceidle whitelist +io.appium.uiautomator2.server ; dumpsys deviceidle whitelist +io.appium.uiautomator2.server.test ;'
&amp#27;[38;5;192m[429c4b0f]&amp#27;[0m&amp#27;[38;5;229m[ADB]&amp#27;[0m apksigner stdout: Signer #1 certificate DN: EMAILADDRESS=android@android.com, CN=Android, OU=Android, O=Android, L=Mountain View, ST=California, C=US
Signer #1 certificate SHA-256 digest: a40da80a59d170caa950cf15c18c454d47a39b26989d8b640ecd745ba71bf5dc
Signer #1 certificate SHA-1 digest: 61ed377e85d386a8dfee6b864bd85b0bfaa5af81
Signer #1 certificate MD5 digest: e89b158e4bcf988ebd09eb83f5378e87

&amp#27;[38;5;192m[429c4b0f]&amp#27;[0m&amp#27;[38;5;229m[ADB]&amp#27;[0m sha256 hash did match for 'General-Store.apk'
&amp#27;[38;5;192m[429c4b0f]&amp#27;[0m&amp#27;[38;5;229m[ADB]&amp#27;[0m 'C:\Users\admin\eclipse-workspace\AppiumFrameworkDesign//src//test//java//org//rahulshettyacademy//resources//General-Store.apk' is signed with the default certificate
&amp#27;[38;5;192m[429c4b0f]&amp#27;[0m&amp#27;[38;5;229m[ADB]&amp#27;[0m Getting package info for 'com.androidsample.generalstore'
&amp#27;[38;5;192m[429c4b0f]&amp#27;[0m&amp#27;[38;5;229m[ADB]&amp#27;[0m Running 'C:\Users\admin\AppData\Local\Android\Sdk\platform-tools\adb.exe -P 5037 -s emulator-5554 shell dumpsys package com.androidsample.generalstore'
&amp#27;[38;5;192m[429c4b0f]&amp#27;[0m&amp#27;[38;5;229m[ADB]&amp#27;[0m Reading package manifest: 'C:\\Users\\admin\\AppData\\Local\\Android\\Sdk\\build-tools\\36.0.0\\aapt2.exe dump badging C:\\Users\\admin\\eclipse-workspace\\AppiumFrameworkDesign//src//test//java//org//rahulshettyacademy//resources//General-Store.apk'
&amp#27;[38;5;192m[429c4b0f]&amp#27;[0m&amp#27;[38;5;229m[ADB]&amp#27;[0m The version name of the installed 'com.androidsample.generalstore' is greater or equal to the application version name ('1.0.0' >= '1.0.0')
&amp#27;[38;5;192m[429c4b0f]&amp#27;[0m&amp#27;[38;5;229m[ADB]&amp#27;[0m There is no need to install/upgrade 'C:\Users\admin\eclipse-workspace\AppiumFrameworkDesign//src//test//java//org//rahulshettyacademy//resources//General-Store.apk'
&amp#27;[38;5;192m[429c4b0f]&amp#27;[0m&amp#27;[38;5;-38m[AndroidUiautomator2Driver@17ed]&amp#27;[0m Performing fast reset on 'com.androidsample.generalstore'
&amp#27;[38;5;192m[429c4b0f]&amp#27;[0m&amp#27;[38;5;229m[ADB]&amp#27;[0m Getting install status for com.androidsample.generalstore
&amp#27;[38;5;192m[429c4b0f]&amp#27;[0m&amp#27;[38;5;229m[ADB]&amp#27;[0m Running 'C:\Users\admin\AppData\Local\Android\Sdk\platform-tools\adb.exe -P 5037 -s emulator-5554 shell cmd package list packages'
&amp#27;[38;5;192m[429c4b0f]&amp#27;[0m&amp#27;[38;5;229m[ADB]&amp#27;[0m 'com.androidsample.generalstore' is installed
&amp#27;[38;5;192m[429c4b0f]&amp#27;[0m&amp#27;[38;5;229m[ADB]&amp#27;[0m Running 'C:\Users\admin\AppData\Local\Android\Sdk\platform-tools\adb.exe -P 5037 -s emulator-5554 shell am force-stop com.androidsample.generalstore'
&amp#27;[38;5;192m[429c4b0f]&amp#27;[0m&amp#27;[38;5;229m[ADB]&amp#27;[0m Running 'C:\Users\admin\AppData\Local\Android\Sdk\platform-tools\adb.exe -P 5037 -s emulator-5554 shell pm clear com.androidsample.generalstore'
&amp#27;[38;5;192m[429c4b0f]&amp#27;[0m&amp#27;[38;5;-38m[AndroidUiautomator2Driver@17ed]&amp#27;[0m Performed fast reset on the installed 'com.androidsample.generalstore' application (stop and clear)
&amp#27;[38;5;192m[429c4b0f]&amp#27;[0m&amp#27;[38;5;-38m[AndroidUiautomator2Driver@17ed]&amp#27;[0m Performing shallow cleanup of automation leftovers
&amp#27;[38;5;192m[429c4b0f]&amp#27;[0m&amp#27;[38;5;-38m[AndroidUiautomator2Driver@17ed]&amp#27;[0m No obsolete sessions have been detected (socket hang up)
&amp#27;[38;5;192m[429c4b0f]&amp#27;[0m&amp#27;[38;5;229m[ADB]&amp#27;[0m Running 'C:\Users\admin\AppData\Local\Android\Sdk\platform-tools\adb.exe -P 5037 -s emulator-5554 shell am force-stop io.appium.uiautomator2.server'
&amp#27;[38;5;192m[429c4b0f]&amp#27;[0m&amp#27;[38;5;229m[ADB]&amp#27;[0m Running 'C:\Users\admin\AppData\Local\Android\Sdk\platform-tools\adb.exe -P 5037 -s emulator-5554 shell am force-stop io.appium.uiautomator2.server.test'
&amp#27;[38;5;192m[429c4b0f]&amp#27;[0m&amp#27;[38;5;-38m[AndroidUiautomator2Driver@17ed]&amp#27;[0m Starting UIAutomator2 server 7.5.2
&amp#27;[38;5;192m[429c4b0f]&amp#27;[0m&amp#27;[38;5;-38m[AndroidUiautomator2Driver@17ed]&amp#27;[0m Using UIAutomator2 server from 'C:\Users\admin\node_modules\appium-uiautomator2-driver\node_modules\appium-uiautomator2-server\apks\appium-uiautomator2-server-v7.5.2.apk' and test from 'C:\Users\admin\node_modules\appium-uiautomator2-driver\node_modules\appium-uiautomator2-server\apks\appium-uiautomator2-server-debug-androidTest.apk'
&amp#27;[38;5;192m[429c4b0f]&amp#27;[0m&amp#27;[38;5;-38m[AndroidUiautomator2Driver@17ed]&amp#27;[0m Waiting up to 30000ms for UiAutomator2 to be online...
&amp#27;[38;5;192m[429c4b0f]&amp#27;[0m&amp#27;[38;5;229m[ADB]&amp#27;[0m Creating ADB subprocess with args: ["-P","5037","-s","emulator-5554","shell","am","instrument","-w","-e","disableAnalytics","true","io.appium.uiautomator2.server.test/androidx.test.runner.AndroidJUnitRunner"]
&amp#27;[38;5;192m[429c4b0f]&amp#27;[0m&amp#27;[38;5;-38m[AndroidUiautomator2Driver@17ed]&amp#27;[0m Matched '/status' to command name 'getStatus'
&amp#27;[38;5;192m[429c4b0f]&amp#27;[0m&amp#27;[38;5;-38m[AndroidUiautomator2Driver@17ed]&amp#27;[0m Proxying [GET /status] to [GET http://127.0.0.1:8209/status] with no body
&amp#27;[38;5;192m[429c4b0f]&amp#27;[0m&amp#27;[38;5;-38m[AndroidUiautomator2Driver@17ed]&amp#27;[0m socket hang up
&amp#27;[38;5;192m[429c4b0f]&amp#27;[0m&amp#27;[38;5;-38m[AndroidUiautomator2Driver@17ed]&amp#27;[0m Matched '/status' to command name 'getStatus'
&amp#27;[38;5;192m[429c4b0f]&amp#27;[0m&amp#27;[38;5;-38m[AndroidUiautomator2Driver@17ed]&amp#27;[0m Proxying [GET /status] to [GET http://127.0.0.1:8209/status] with no body
&amp#27;[38;5;192m[429c4b0f]&amp#27;[0m&amp#27;[38;5;-38m[AndroidUiautomator2Driver@17ed]&amp#27;[0m socket hang up
&amp#27;[38;5;192m[429c4b0f]&amp#27;[0m&amp#27;[38;5;-38m[AndroidUiautomator2Driver@17ed]&amp#27;[0m Matched '/status' to command name 'getStatus'
&amp#27;[38;5;192m[429c4b0f]&amp#27;[0m&amp#27;[38;5;-38m[AndroidUiautomator2Driver@17ed]&amp#27;[0m Proxying [GET /status] to [GET http://127.0.0.1:8209/status] with no body
&amp#27;[38;5;192m[429c4b0f]&amp#27;[0m&amp#27;[38;5;-38m[AndroidUiautomator2Driver@17ed]&amp#27;[0m socket hang up
&amp#27;[38;5;192m[429c4b0f]&amp#27;[0m&amp#27;[38;5;-38m[AndroidUiautomator2Driver@17ed]&amp#27;[0m Matched '/status' to command name 'getStatus'
&amp#27;[38;5;192m[429c4b0f]&amp#27;[0m&amp#27;[38;5;-38m[AndroidUiautomator2Driver@17ed]&amp#27;[0m Proxying [GET /status] to [GET http://127.0.0.1:8209/status] with no body
&amp#27;[38;5;192m[429c4b0f]&amp#27;[0m&amp#27;[38;5;-38m[AndroidUiautomator2Driver@17ed]&amp#27;[0m socket hang up
&amp#27;[38;5;192m[429c4b0f]&amp#27;[0m&amp#27;[38;5;-38m[AndroidUiautomator2Driver@17ed]&amp#27;[0m Matched '/status' to command name 'getStatus'
&amp#27;[38;5;192m[429c4b0f]&amp#27;[0m&amp#27;[38;5;-38m[AndroidUiautomator2Driver@17ed]&amp#27;[0m Proxying [GET /status] to [GET http://127.0.0.1:8209/status] with no body
&amp#27;[38;5;192m[429c4b0f]&amp#27;[0m&amp#27;[38;5;-38m[AndroidUiautomator2Driver@17ed]&amp#27;[0m socket hang up
&amp#27;[38;5;192m[429c4b0f]&amp#27;[0m&amp#27;[38;5;-38m[AndroidUiautomator2Driver@17ed]&amp#27;[0m Matched '/status' to command name 'getStatus'
&amp#27;[38;5;192m[429c4b0f]&amp#27;[0m&amp#27;[38;5;-38m[AndroidUiautomator2Driver@17ed]&amp#27;[0m Proxying [GET /status] to [GET http://127.0.0.1:8209/status] with no body
&amp#27;[38;5;192m[429c4b0f]&amp#27;[0m&amp#27;[38;5;-38m[AndroidUiautomator2Driver@17ed]&amp#27;[0m socket hang up
&amp#27;[38;5;192m[429c4b0f]&amp#27;[0m&amp#27;[38;5;-38m[AndroidUiautomator2Driver@17ed]&amp#27;[0m [Instrumentation] 
&amp#27;[38;5;192m[429c4b0f]&amp#27;[0m&amp#27;[38;5;-38m[AndroidUiautomator2Driver@17ed]&amp#27;[0m Matched '/status' to command name 'getStatus'
&amp#27;[38;5;192m[429c4b0f]&amp#27;[0m&amp#27;[38;5;-38m[AndroidUiautomator2Driver@17ed]&amp#27;[0m Proxying [GET /status] to [GET http://127.0.0.1:8209/status] with no body
&amp#27;[38;5;192m[429c4b0f]&amp#27;[0m&amp#27;[38;5;-38m[AndroidUiautomator2Driver@17ed]&amp#27;[0m socket hang up
&amp#27;[38;5;192m[429c4b0f]&amp#27;[0m&amp#27;[38;5;-38m[AndroidUiautomator2Driver@17ed]&amp#27;[0m Matched '/status' to command name 'getStatus'
&amp#27;[38;5;192m[429c4b0f]&amp#27;[0m&amp#27;[38;5;-38m[AndroidUiautomator2Driver@17ed]&amp#27;[0m Proxying [GET /status] to [GET http://127.0.0.1:8209/status] with no body
&amp#27;[38;5;192m[429c4b0f]&amp#27;[0m&amp#27;[38;5;-38m[AndroidUiautomator2Driver@17ed]&amp#27;[0m Got response with status 200: {"sessionId":"None","value":{"message":"UiAutomator2 Server is ready to accept commands","ready":true}}
&amp#27;[38;5;192m[429c4b0f]&amp#27;[0m&amp#27;[38;5;-38m[AndroidUiautomator2Driver@17ed]&amp#27;[0m The initialization of the instrumentation process took 7693ms
&amp#27;[38;5;192m[429c4b0f]&amp#27;[0m&amp#27;[38;5;-38m[AndroidUiautomator2Driver@17ed]&amp#27;[0m Matched '/session' to command name 'createSession'
&amp#27;[38;5;192m[429c4b0f]&amp#27;[0m&amp#27;[38;5;-38m[AndroidUiautomator2Driver@17ed]&amp#27;[0m Proxying [POST /session] to [POST http://127.0.0.1:8209/session] with body: {"capabilities":{"firstMatch":[{"platformName":"ANDROID","chromedriverExecutable":"C:\\Users\\admin\\Downloads\\Appium\\chromedriver-win64\\chromedriver-win64\\chromedriver.exe","deviceName":"emulator-5554","automationName":"UIAutomator2","app":"C:\\Users\\admin\\eclipse-workspace\\AppiumFrameworkDesign//src//test//java//org//rahulshettyacademy//resources//General-Store.apk","platform":"LINUX","webStorageEnabled":false,"takesScreenshot":true,"javascriptEnabled":true,"databaseEnabled":false,"networkConnectionEnabled":true,"locationContextEnabled":false,"warnings":{},"desired":{"platformName":"ANDROID","chromedriverExecutable":"C:\\Users\\admin\\Downloads\\Appium\\chromedriver-win64\\chromedriver-win64\\chromedriver.exe","deviceName":"Pixel 5","automationName":"UIAutomator2","app":"C:\\Users\\admin\\eclipse-workspace\\AppiumFrameworkDesign//src//test//java//org//rahulshettyacademy//resources//General-Store.apk"},"deviceUDID":"emulator-5554","appPackage":"com.androidsample.generalstore","appActivity":"com.and...
&amp#27;[38;5;192m[429c4b0f]&amp#27;[0m&amp#27;[38;5;-38m[AndroidUiautomator2Driver@17ed]&amp#27;[0m Got response with status 200: {"sessionId":"d000dd5b-af8f-49cc-8eff-a0c68c63cd09","value":{"capabilities":{"firstMatch":[{"platformName":"ANDROID","chromedriverExecutable":"C:\\Users\\admin\\Downloads\\Appium\\chromedriver-win64\\chromedriver-win64\\chromedriver.exe","deviceName":"emulator-5554","automationName":"UIAutomator2","app":"C:\\Users\\admin\\eclipse-workspace\\AppiumFrameworkDesign//src//test//java//org//rahulshettyacademy//resources//General-Store.apk","platform":"LINUX","webStorageEnabled":false,"takesScreenshot":true,"javascriptEnabled":true,"databaseEnabled":false,"networkConnectionEnabled":true,"locationContextEnabled":false,"warnings":{},"desired":{"platformName":"ANDROID","chromedriverExecutable":"C:\\Users\\admin\\Downloads\\Appium\\chromedriver-win64\\chromedriver-win64\\chromedriver.exe","deviceName":"Pixel 5","automationName":"UIAutomator2","app":"C:\\Users\\admin\\eclipse-workspace\\AppiumFrameworkDesign//src//test//java//org//rahulshettyacademy//resources//General-Store.apk"},"deviceUDID":"emulator-5554","appPack...
&amp#27;[38;5;192m[429c4b0f]&amp#27;[0m&amp#27;[38;5;-38m[AndroidUiautomator2Driver@17ed]&amp#27;[0m Determined the downstream protocol as 'W3C'
&amp#27;[38;5;192m[429c4b0f]&amp#27;[0m&amp#27;[38;5;-38m[AndroidUiautomator2Driver@17ed]&amp#27;[0m Proxying [GET /appium/device/pixel_ratio] to [GET http://127.0.0.1:8209/session/d000dd5b-af8f-49cc-8eff-a0c68c63cd09/appium/device/pixel_ratio] with no body
&amp#27;[38;5;192m[429c4b0f]&amp#27;[0m&amp#27;[38;5;-38m[AndroidUiautomator2Driver@17ed]&amp#27;[0m Matched '/appium/device/system_bars' to command name 'getSystemBars'
&amp#27;[38;5;192m[429c4b0f]&amp#27;[0m&amp#27;[38;5;-38m[AndroidUiautomator2Driver@17ed]&amp#27;[0m Proxying [GET /appium/device/system_bars] to [GET http://127.0.0.1:8209/session/d000dd5b-af8f-49cc-8eff-a0c68c63cd09/appium/device/system_bars] with no body
&amp#27;[38;5;192m[429c4b0f]&amp#27;[0m&amp#27;[38;5;-38m[AndroidUiautomator2Driver@17ed]&amp#27;[0m Matched '/window/current/size' to command name 'getWindowSize'
&amp#27;[38;5;192m[429c4b0f]&amp#27;[0m&amp#27;[38;5;-38m[AndroidUiautomator2Driver@17ed]&amp#27;[0m Proxying [GET /window/current/size] to [GET http://127.0.0.1:8209/session/d000dd5b-af8f-49cc-8eff-a0c68c63cd09/window/current/size] with no body
&amp#27;[38;5;192m[429c4b0f]&amp#27;[0m&amp#27;[38;5;-38m[AndroidUiautomator2Driver@17ed]&amp#27;[0m Proxying [GET /appium/device/info] to [GET http://127.0.0.1:8209/session/d000dd5b-af8f-49cc-8eff-a0c68c63cd09/appium/device/info] with no body
&amp#27;[38;5;192m[429c4b0f]&amp#27;[0m&amp#27;[38;5;229m[ADB]&amp#27;[0m Running 'C:\Users\admin\AppData\Local\Android\Sdk\platform-tools\adb.exe -P 5037 -s emulator-5554 shell dumpsys window'
&amp#27;[38;5;192m[429c4b0f]&amp#27;[0m&amp#27;[38;5;229m[ADB]&amp#27;[0m Running 'C:\Users\admin\AppData\Local\Android\Sdk\platform-tools\adb.exe -P 5037 -s emulator-5554 shell dumpsys power'
&amp#27;[38;5;192m[429c4b0f]&amp#27;[0m&amp#27;[38;5;-38m[AndroidUiautomator2Driver@17ed]&amp#27;[0m Got response with status 200: {"sessionId":"d000dd5b-af8f-49cc-8eff-a0c68c63cd09","value":2.75}
&amp#27;[38;5;192m[429c4b0f]&amp#27;[0m&amp#27;[38;5;-38m[AndroidUiautomator2Driver@17ed]&amp#27;[0m Got response with status 200: {"sessionId":"d000dd5b-af8f-49cc-8eff-a0c68c63cd09","value":{"statusBar":145}}
&amp#27;[38;5;192m[429c4b0f]&amp#27;[0m&amp#27;[38;5;-38m[AndroidUiautomator2Driver@17ed]&amp#27;[0m Got response with status 200: {"sessionId":"d000dd5b-af8f-49cc-8eff-a0c68c63cd09","value":{"height":2340,"width":1080}}
&amp#27;[38;5;192m[429c4b0f]&amp#27;[0m&amp#27;[38;5;-38m[AndroidUiautomator2Driver@17ed]&amp#27;[0m Got response with status 200: {"sessionId":"d000dd5b-af8f-49cc-8eff-a0c68c63cd09","value":{"androidId":"d8d3db6fcf6a430c","apiVersion":"36","bluetooth":{"state":"ON"},"brand":"google","carrierName":"T-Mobile","displayDensity":440,"locale":"en_US","manufacturer":"Google","model":"sdk_gphone64_x86_64","networks":[{"capabilities":{"SSID":null,"linkDownBandwidthKbps":145000,"linkUpstreamBandwidthKbps":60000,"networkCapabilities":"NET_CAPABILITY_MMS,NET_CAPABILITY_SUPL,NET_CAPABILITY_DUN,NET_CAPABILITY_FOTA,NET_CAPABILITY_IMS,NET_CAPABILITY_CBS,NET_CAPABILITY_INTERNET,NET_CAPABILITY_NOT_RESTRICTED,NET_CAPABILITY_TRUSTED,NET_CAPABILITY_NOT_VPN,NET_CAPABILITY_VALIDATED,NET_CAPABILITY_NOT_ROAMING,NET_CAPABILITY_NOT_CONGESTED,NET_CAPABILITY_NOT_SUSPENDED","signalStrength":-2147483648,"transportTypes":"TRANSPORT_CELLULAR"},"detailedState":"CONNECTED","extraInfo":"epc.tmobile.com","isAvailable":true,"isConnected":true,"isFailover":false,"isRoaming":false,"state":"CONNECTED","subtype":20,"subtypeName":"NR","type":0,"typeName":"MOBILE"},{"capabilit...
&amp#27;[38;5;192m[429c4b0f]&amp#27;[0m&amp#27;[38;5;-38m[AndroidUiautomator2Driver@17ed]&amp#27;[0m Screen already unlocked, doing nothing
&amp#27;[38;5;192m[429c4b0f]&amp#27;[0m&amp#27;[38;5;-38m[AndroidUiautomator2Driver@17ed]&amp#27;[0m Starting 'com.androidsample.generalstore/com.androidsample.generalstore.SplashActivity' and waiting for 'com.androidsample.generalstore/com.androidsample.generalstore.SplashActivity'
&amp#27;[38;5;192m[429c4b0f]&amp#27;[0m&amp#27;[38;5;229m[ADB]&amp#27;[0m Running 'C:\Users\admin\AppData\Local\Android\Sdk\platform-tools\adb.exe -P 5037 -s emulator-5554 shell am start-activity -W -n com.androidsample.generalstore/com.androidsample.generalstore.SplashActivity -S -a android.intent.action.MAIN -c android.intent.category.LAUNCHER -f 0x10200000'
&amp#27;[38;5;192m[429c4b0f]&amp#27;[0m&amp#27;[38;5;229m[ADB]&amp#27;[0m Expected package names to be focused within 20000ms: 'com.androidsample.generalstore'
&amp#27;[38;5;192m[429c4b0f]&amp#27;[0m&amp#27;[38;5;229m[ADB]&amp#27;[0m Expected activity name patterns to be focused within 20000ms: '/^com\.androidsample\.generalstore\.SplashActivity$/'
&amp#27;[38;5;192m[429c4b0f]&amp#27;[0m&amp#27;[38;5;229m[ADB]&amp#27;[0m Getting focused package and activity
&amp#27;[38;5;192m[429c4b0f]&amp#27;[0m&amp#27;[38;5;229m[ADB]&amp#27;[0m Running 'C:\Users\admin\AppData\Local\Android\Sdk\platform-tools\adb.exe -P 5037 -s emulator-5554 shell dumpsys window displays'
&amp#27;[38;5;192m[429c4b0f]&amp#27;[0m&amp#27;[38;5;229m[ADB]&amp#27;[0m Focused package: com.androidsample.generalstore
&amp#27;[38;5;192m[429c4b0f]&amp#27;[0m&amp#27;[38;5;229m[ADB]&amp#27;[0m Focused fully qualified activity name: com.androidsample.generalstore.SplashActivity
&amp#27;[38;5;192m[429c4b0f]&amp#27;[0m&amp#27;[38;5;30m[AppiumDriver@2eda]&amp#27;[0m New AndroidUiautomator2Driver session created successfully, session 429c4b0f-8341-488e-8711-9b6c6c81ed49 added to master session list
&amp#27;[38;5;192m[429c4b0f]&amp#27;[0m&amp#27;[38;5;30m[AppiumDriver@2eda]&amp#27;[0m Event 'newSessionStarted' logged at 1750333098102 (17:08:18 GMT+0530 (India Standard Time))
&amp#27;[38;5;192m[429c4b0f]&amp#27;[0m&amp#27;[38;5;-38m[AndroidUiautomator2Driver@17ed]&amp#27;[0m Cached the protocol value 'W3C' for the new session 429c4b0f-8341-488e-8711-9b6c6c81ed49
&amp#27;[38;5;192m[429c4b0f]&amp#27;[0m&amp#27;[38;5;-38m[AndroidUiautomator2Driver@17ed]&amp#27;[0m Responding to client with driver.createSession() result: {"capabilities":{"platformName":"ANDROID","chromedriverExecutable":"C:\\Users\\admin\\Downloads\\Appium\\chromedriver-win64\\chromedriver-win64\\chromedriver.exe","deviceName":"emulator-5554","automationName":"UIAutomator2","app":"C:\\Users\\admin\\eclipse-workspace\\AppiumFrameworkDesign//src//test//java//org//rahulshettyacademy//resources//General-Store.apk","platform":"LINUX","webStorageEnabled":false,"takesScreenshot":true,"javascriptEnabled":true,"databaseEnabled":false,"networkConnectionEnabled":true,"locationContextEnabled":false,"warnings":{},"desired":{"platformName":"ANDROID","chromedriverExecutable":"C:\\Users\\admin\\Downloads\\Appium\\chromedriver-win64\\chromedriver-win64\\chromedriver.exe","deviceName":"Pixel 5","automationName":"UIAutomator2","app":"C:\\Users\\admin\\eclipse-workspace\\AppiumFrameworkDesign//src//test//java//org//rahulshettyacademy//resources//General-Store.apk"},"deviceUDID":"emulator-5554","appPackage":"com.androidsample.generalstore","appActivity":"com.androidsample.gene...
&amp#27;[38;5;192m[429c4b0f]&amp#27;[0m&amp#27;[38;5;86m[HTTP]&amp#27;[0m &amp#27;[37m<-- POST /session &amp#27;[39m&amp#27;[32m200&amp#27;[39m &amp#27;[90m22218 ms - 1377&amp#27;[39m &amp#27;[90m&amp#27;[39m
&amp#27;[38;5;192m[429c4b0f]&amp#27;[0m&amp#27;[38;5;86m[HTTP]&amp#27;[0m &amp#27;[37m-->&amp#27;[39m &amp#27;[37mPOST&amp#27;[39m &amp#27;[37m/session/429c4b0f-8341-488e-8711-9b6c6c81ed49/timeouts&amp#27;[39m &amp#27;[90m{"implicit":10000}&amp#27;[39m
&amp#27;[38;5;192m[429c4b0f]&amp#27;[0m&amp#27;[38;5;-38m[AndroidUiautomator2Driver@17ed]&amp#27;[0m Calling AppiumDriver.timeouts() with args: [null,null,null,null,10000,"429c4b0f-8341-488e-8711-9b6c6c81ed49"]
&amp#27;[38;5;192m[429c4b0f]&amp#27;[0m&amp#27;[38;5;-38m[AndroidUiautomator2Driver@17ed]&amp#27;[0m W3C timeout argument: {"implicit":10000}}
&amp#27;[38;5;192m[429c4b0f]&amp#27;[0m&amp#27;[38;5;-38m[AndroidUiautomator2Driver@17ed]&amp#27;[0m Set implicit wait to 10000ms
&amp#27;[38;5;192m[429c4b0f]&amp#27;[0m&amp#27;[38;5;-38m[AndroidUiautomator2Driver@17ed]&amp#27;[0m Responding to client with driver.timeouts() result: null
&amp#27;[38;5;192m[429c4b0f]&amp#27;[0m&amp#27;[38;5;86m[HTTP]&amp#27;[0m &amp#27;[37m<-- POST /session/429c4b0f-8341-488e-8711-9b6c6c81ed49/timeouts &amp#27;[39m&amp#27;[32m200&amp#27;[39m &amp#27;[90m6 ms - 14&amp#27;[39m &amp#27;[90m&amp#27;[39m
&amp#27;[38;5;192m[429c4b0f]&amp#27;[0m&amp#27;[38;5;86m[HTTP]&amp#27;[0m &amp#27;[37m-->&amp#27;[39m &amp#27;[37mPOST&amp#27;[39m &amp#27;[37m/session/429c4b0f-8341-488e-8711-9b6c6c81ed49/execute/sync&amp#27;[39m &amp#27;[90m{"script":"mobile: activateApp","args":[{"appId":"com.androidsample.generalstore","bundleId":"com.androidsample.generalstore"}]}&amp#27;[39m
&amp#27;[38;5;192m[429c4b0f]&amp#27;[0m&amp#27;[38;5;-38m[AndroidUiautomator2Driver@17ed]&amp#27;[0m Calling AppiumDriver.execute() with args: ["mobile: activateApp",[{"appId":"com.androidsample.generalstore","bundleId":"com.androidsample.generalstore"}],"429c4b0f-8341-488e-8711-9b6c6c81ed49"]
&amp#27;[38;5;192m[429c4b0f]&amp#27;[0m&amp#27;[38;5;123m[BaseDriver]&amp#27;[0m The following script arguments are not known and will be ignored: bundleId
&amp#27;[38;5;192m[429c4b0f]&amp#27;[0m&amp#27;[38;5;229m[ADB]&amp#27;[0m Activating 'com.androidsample.generalstore'
&amp#27;[38;5;192m[429c4b0f]&amp#27;[0m&amp#27;[38;5;229m[ADB]&amp#27;[0m Running 'C:\Users\admin\AppData\Local\Android\Sdk\platform-tools\adb.exe -P 5037 -s emulator-5554 shell cmd package resolve-activity --brief com.androidsample.generalstore'
&amp#27;[38;5;192m[429c4b0f]&amp#27;[0m&amp#27;[38;5;229m[ADB]&amp#27;[0m Running 'C:\Users\admin\AppData\Local\Android\Sdk\platform-tools\adb.exe -P 5037 -s emulator-5554 shell am start-activity -a android.intent.action.MAIN -c android.intent.category.LAUNCHER -f 0x10200000 -n com.androidsample.generalstore/.SplashActivity'
&amp#27;[38;5;192m[429c4b0f]&amp#27;[0m&amp#27;[38;5;229m[ADB]&amp#27;[0m Starting: Intent { act=android.intent.action.MAIN cat=[android.intent.category.LAUNCHER] flg=0x10200000 cmp=com.androidsample.generalstore/.SplashActivity }
&amp#27;[38;5;192m[429c4b0f]&amp#27;[0m&amp#27;[38;5;-38m[AndroidUiautomator2Driver@17ed]&amp#27;[0m Responding to client with driver.execute() result: null
&amp#27;[38;5;192m[429c4b0f]&amp#27;[0m&amp#27;[38;5;86m[HTTP]&amp#27;[0m &amp#27;[37m<-- POST /session/429c4b0f-8341-488e-8711-9b6c6c81ed49/execute/sync &amp#27;[39m&amp#27;[32m200&amp#27;[39m &amp#27;[90m1020 ms - 14&amp#27;[39m &amp#27;[90m&amp#27;[39m
&amp#27;[38;5;192m[429c4b0f]&amp#27;[0m&amp#27;[38;5;86m[HTTP]&amp#27;[0m &amp#27;[37m-->&amp#27;[39m &amp#27;[37mGET&amp#27;[39m &amp#27;[37m/session/429c4b0f-8341-488e-8711-9b6c6c81ed49/context&amp#27;[39m &amp#27;[90m{}&amp#27;[39m
&amp#27;[38;5;192m[429c4b0f]&amp#27;[0m&amp#27;[38;5;-38m[AndroidUiautomator2Driver@17ed]&amp#27;[0m Calling AppiumDriver.getCurrentContext() with args: ["429c4b0f-8341-488e-8711-9b6c6c81ed49"]
&amp#27;[38;5;192m[429c4b0f]&amp#27;[0m&amp#27;[38;5;-38m[AndroidUiautomator2Driver@17ed]&amp#27;[0m Responding to client with driver.getCurrentContext() result: "NATIVE_APP"
&amp#27;[38;5;192m[429c4b0f]&amp#27;[0m&amp#27;[38;5;86m[HTTP]&amp#27;[0m &amp#27;[37m<-- GET /session/429c4b0f-8341-488e-8711-9b6c6c81ed49/context &amp#27;[39m&amp#27;[32m200&amp#27;[39m &amp#27;[90m5 ms - 22&amp#27;[39m &amp#27;[90m&amp#27;[39m
&amp#27;[38;5;192m[429c4b0f]&amp#27;[0m&amp#27;[38;5;86m[HTTP]&amp#27;[0m &amp#27;[37m-->&amp#27;[39m &amp#27;[37mPOST&amp#27;[39m &amp#27;[37m/session/429c4b0f-8341-488e-8711-9b6c6c81ed49/element&amp#27;[39m &amp#27;[90m{"using":"id","value":"com.androidsample.generalstore:id/nameField"}&amp#27;[39m
&amp#27;[38;5;192m[429c4b0f]&amp#27;[0m&amp#27;[38;5;-38m[AndroidUiautomator2Driver@17ed]&amp#27;[0m Calling AppiumDriver.findElement() with args: ["id","com.androidsample.generalstore:id/nameField","429c4b0f-8341-488e-8711-9b6c6c81ed49"]
&amp#27;[38;5;192m[429c4b0f]&amp#27;[0m&amp#27;[38;5;-38m[AndroidUiautomator2Driver@17ed]&amp#27;[0m Valid locator strategies for this request: xpath, id, class name, accessibility id, css selector, -android uiautomator
&amp#27;[38;5;192m[429c4b0f]&amp#27;[0m&amp#27;[38;5;-38m[AndroidUiautomator2Driver@17ed]&amp#27;[0m Waiting up to 10000 ms for condition
&amp#27;[38;5;192m[429c4b0f]&amp#27;[0m&amp#27;[38;5;-38m[AndroidUiautomator2Driver@17ed]&amp#27;[0m Matched '/element' to command name 'findElement'
&amp#27;[38;5;192m[429c4b0f]&amp#27;[0m&amp#27;[38;5;-38m[AndroidUiautomator2Driver@17ed]&amp#27;[0m Proxying [POST /element] to [POST http://127.0.0.1:8209/session/d000dd5b-af8f-49cc-8eff-a0c68c63cd09/element] with body: {"strategy":"id","selector":"com.androidsample.generalstore:id/nameField","context":"","multiple":false}
&amp#27;[38;5;192m[429c4b0f]&amp#27;[0m&amp#27;[38;5;-38m[AndroidUiautomator2Driver@17ed]&amp#27;[0m Got response with status 200: {"sessionId":"d000dd5b-af8f-49cc-8eff-a0c68c63cd09","value":{"ELEMENT":"00000000-0000-0189-ffff-ffff0000001c","element-6066-11e4-a52e-4f735466cecf":"00000000-0000-0189-ffff-ffff0000001c"}}
&amp#27;[38;5;192m[429c4b0f]&amp#27;[0m&amp#27;[38;5;-38m[AndroidUiautomator2Driver@17ed]&amp#27;[0m Responding to client with driver.findElement() result: {"element-6066-11e4-a52e-4f735466cecf":"00000000-0000-0189-ffff-ffff0000001c","ELEMENT":"00000000-0000-0189-ffff-ffff0000001c"}
&amp#27;[38;5;192m[429c4b0f]&amp#27;[0m&amp#27;[38;5;86m[HTTP]&amp#27;[0m &amp#27;[37m<-- POST /session/429c4b0f-8341-488e-8711-9b6c6c81ed49/element &amp#27;[39m&amp#27;[32m200&amp#27;[39m &amp#27;[90m4001 ms - 137&amp#27;[39m &amp#27;[90m&amp#27;[39m
&amp#27;[38;5;192m[429c4b0f]&amp#27;[0m&amp#27;[38;5;86m[HTTP]&amp#27;[0m &amp#27;[37m-->&amp#27;[39m &amp#27;[37mPOST&amp#27;[39m &amp#27;[37m/session/429c4b0f-8341-488e-8711-9b6c6c81ed49/element/00000000-0000-0189-ffff-ffff0000001c/value&amp#27;[39m &amp#27;[90m{"text":"Rahul Shetty","value":["R","a","h","u","l"," ","S","h","e","t","t","y"],"id":"00000000-0000-0189-ffff-ffff0000001c"}&amp#27;[39m
&amp#27;[38;5;192m[429c4b0f]&amp#27;[0m&amp#27;[38;5;-38m[AndroidUiautomator2Driver@17ed]&amp#27;[0m Calling AppiumDriver.setValue() with args: [["R","a","h","u","l"," ","S","h","e","t","t","y"],"00000000-0000-0189-ffff-ffff0000001c","429c4b0f-8341-488e-8711-9b6c6c81ed49"]
&amp#27;[38;5;192m[429c4b0f]&amp#27;[0m&amp#27;[38;5;-38m[AndroidUiautomator2Driver@17ed]&amp#27;[0m Matched '/element/00000000-0000-0189-ffff-ffff0000001c/value' to command name 'setValue'
&amp#27;[38;5;192m[429c4b0f]&amp#27;[0m&amp#27;[38;5;-38m[AndroidUiautomator2Driver@17ed]&amp#27;[0m Added 'value' property ["R","a","h","u","l"," ","S","h","e","t","t","y"] to 'setValue' request body
&amp#27;[38;5;192m[429c4b0f]&amp#27;[0m&amp#27;[38;5;-38m[AndroidUiautomator2Driver@17ed]&amp#27;[0m Proxying [POST /element/00000000-0000-0189-ffff-ffff0000001c/value] to [POST http://127.0.0.1:8209/session/d000dd5b-af8f-49cc-8eff-a0c68c63cd09/element/00000000-0000-0189-ffff-ffff0000001c/value] with body: {"elementId":"00000000-0000-0189-ffff-ffff0000001c","text":"Rahul Shetty","replace":false,"value":["R","a","h","u","l"," ","S","h","e","t","t","y"]}
&amp#27;[38;5;192m[429c4b0f]&amp#27;[0m&amp#27;[38;5;-38m[AndroidUiautomator2Driver@17ed]&amp#27;[0m Got response with status 200: {"sessionId":"d000dd5b-af8f-49cc-8eff-a0c68c63cd09","value":null}
&amp#27;[38;5;192m[429c4b0f]&amp#27;[0m&amp#27;[38;5;-38m[AndroidUiautomator2Driver@17ed]&amp#27;[0m Responding to client with driver.setValue() result: null
&amp#27;[38;5;192m[429c4b0f]&amp#27;[0m&amp#27;[38;5;86m[HTTP]&amp#27;[0m &amp#27;[37m<-- POST /session/429c4b0f-8341-488e-8711-9b6c6c81ed49/element/00000000-0000-0189-ffff-ffff0000001c/value &amp#27;[39m&amp#27;[32m200&amp#27;[39m &amp#27;[90m685 ms - 14&amp#27;[39m &amp#27;[90m&amp#27;[39m
&amp#27;[38;5;192m[429c4b0f]&amp#27;[0m&amp#27;[38;5;86m[HTTP]&amp#27;[0m &amp#27;[37m-->&amp#27;[39m &amp#27;[37mPOST&amp#27;[39m &amp#27;[37m/session/429c4b0f-8341-488e-8711-9b6c6c81ed49/execute/sync&amp#27;[39m &amp#27;[90m{"script":"mobile: hideKeyboard","args":[]}&amp#27;[39m
&amp#27;[38;5;192m[429c4b0f]&amp#27;[0m&amp#27;[38;5;-38m[AndroidUiautomator2Driver@17ed]&amp#27;[0m Calling AppiumDriver.execute() with args: ["mobile: hideKeyboard",[],"429c4b0f-8341-488e-8711-9b6c6c81ed49"]
&amp#27;[38;5;192m[429c4b0f]&amp#27;[0m&amp#27;[38;5;229m[ADB]&amp#27;[0m Running 'C:\Users\admin\AppData\Local\Android\Sdk\platform-tools\adb.exe -P 5037 -s emulator-5554 shell dumpsys input_method'
&amp#27;[38;5;192m[429c4b0f]&amp#27;[0m&amp#27;[38;5;229m[ADB]&amp#27;[0m Keyboard has no UI; no closing necessary
&amp#27;[38;5;192m[429c4b0f]&amp#27;[0m&amp#27;[38;5;-38m[AndroidUiautomator2Driver@17ed]&amp#27;[0m Responding to client with driver.execute() result: false
&amp#27;[38;5;192m[429c4b0f]&amp#27;[0m&amp#27;[38;5;86m[HTTP]&amp#27;[0m &amp#27;[37m<-- POST /session/429c4b0f-8341-488e-8711-9b6c6c81ed49/execute/sync &amp#27;[39m&amp#27;[32m200&amp#27;[39m &amp#27;[90m1914 ms - 15&amp#27;[39m &amp#27;[90m&amp#27;[39m
&amp#27;[38;5;192m[429c4b0f]&amp#27;[0m&amp#27;[38;5;86m[HTTP]&amp#27;[0m &amp#27;[37m-->&amp#27;[39m &amp#27;[37mGET&amp#27;[39m &amp#27;[37m/session/429c4b0f-8341-488e-8711-9b6c6c81ed49/context&amp#27;[39m &amp#27;[90m{}&amp#27;[39m
&amp#27;[38;5;192m[429c4b0f]&amp#27;[0m&amp#27;[38;5;-38m[AndroidUiautomator2Driver@17ed]&amp#27;[0m Calling AppiumDriver.getCurrentContext() with args: ["429c4b0f-8341-488e-8711-9b6c6c81ed49"]
&amp#27;[38;5;192m[429c4b0f]&amp#27;[0m&amp#27;[38;5;-38m[AndroidUiautomator2Driver@17ed]&amp#27;[0m Responding to client with driver.getCurrentContext() result: "NATIVE_APP"
&amp#27;[38;5;192m[429c4b0f]&amp#27;[0m&amp#27;[38;5;86m[HTTP]&amp#27;[0m &amp#27;[37m<-- GET /session/429c4b0f-8341-488e-8711-9b6c6c81ed49/context &amp#27;[39m&amp#27;[32m200&amp#27;[39m &amp#27;[90m3 ms - 22&amp#27;[39m &amp#27;[90m&amp#27;[39m
&amp#27;[38;5;192m[429c4b0f]&amp#27;[0m&amp#27;[38;5;86m[HTTP]&amp#27;[0m &amp#27;[37m-->&amp#27;[39m &amp#27;[37mPOST&amp#27;[39m &amp#27;[37m/session/429c4b0f-8341-488e-8711-9b6c6c81ed49/element&amp#27;[39m &amp#27;[90m{"using":"xpath","value":"//android.widget.RadioButton[@text='Male']"}&amp#27;[39m
&amp#27;[38;5;192m[429c4b0f]&amp#27;[0m&amp#27;[38;5;-38m[AndroidUiautomator2Driver@17ed]&amp#27;[0m Calling AppiumDriver.findElement() with args: ["xpath","//android.widget.RadioButton[@text='Male']","429c4b0f-8341-488e-8711-9b6c6c81ed49"]
&amp#27;[38;5;192m[429c4b0f]&amp#27;[0m&amp#27;[38;5;-38m[AndroidUiautomator2Driver@17ed]&amp#27;[0m Valid locator strategies for this request: xpath, id, class name, accessibility id, css selector, -android uiautomator
&amp#27;[38;5;192m[429c4b0f]&amp#27;[0m&amp#27;[38;5;-38m[AndroidUiautomator2Driver@17ed]&amp#27;[0m Waiting up to 10000 ms for condition
&amp#27;[38;5;192m[429c4b0f]&amp#27;[0m&amp#27;[38;5;-38m[AndroidUiautomator2Driver@17ed]&amp#27;[0m Matched '/element' to command name 'findElement'
&amp#27;[38;5;192m[429c4b0f]&amp#27;[0m&amp#27;[38;5;-38m[AndroidUiautomator2Driver@17ed]&amp#27;[0m Proxying [POST /element] to [POST http://127.0.0.1:8209/session/d000dd5b-af8f-49cc-8eff-a0c68c63cd09/element] with body: {"strategy":"xpath","selector":"//android.widget.RadioButton[@text='Male']","context":"","multiple":false}
&amp#27;[38;5;192m[429c4b0f]&amp#27;[0m&amp#27;[38;5;-38m[AndroidUiautomator2Driver@17ed]&amp#27;[0m Got response with status 200: {"sessionId":"d000dd5b-af8f-49cc-8eff-a0c68c63cd09","value":{"ELEMENT":"00000000-0000-0189-ffff-ffff0000001f","element-6066-11e4-a52e-4f735466cecf":"00000000-0000-0189-ffff-ffff0000001f"}}
&amp#27;[38;5;192m[429c4b0f]&amp#27;[0m&amp#27;[38;5;-38m[AndroidUiautomator2Driver@17ed]&amp#27;[0m Responding to client with driver.findElement() result: {"element-6066-11e4-a52e-4f735466cecf":"00000000-0000-0189-ffff-ffff0000001f","ELEMENT":"00000000-0000-0189-ffff-ffff0000001f"}
&amp#27;[38;5;192m[429c4b0f]&amp#27;[0m&amp#27;[38;5;86m[HTTP]&amp#27;[0m &amp#27;[37m<-- POST /session/429c4b0f-8341-488e-8711-9b6c6c81ed49/element &amp#27;[39m&amp#27;[32m200&amp#27;[39m &amp#27;[90m1676 ms - 137&amp#27;[39m &amp#27;[90m&amp#27;[39m
&amp#27;[38;5;192m[429c4b0f]&amp#27;[0m&amp#27;[38;5;86m[HTTP]&amp#27;[0m &amp#27;[37m-->&amp#27;[39m &amp#27;[37mPOST&amp#27;[39m &amp#27;[37m/session/429c4b0f-8341-488e-8711-9b6c6c81ed49/element/00000000-0000-0189-ffff-ffff0000001f/click&amp#27;[39m &amp#27;[90m{"id":"00000000-0000-0189-ffff-ffff0000001f"}&amp#27;[39m
&amp#27;[38;5;192m[429c4b0f]&amp#27;[0m&amp#27;[38;5;-38m[AndroidUiautomator2Driver@17ed]&amp#27;[0m Calling AppiumDriver.click() with args: ["00000000-0000-0189-ffff-ffff0000001f","429c4b0f-8341-488e-8711-9b6c6c81ed49"]
&amp#27;[38;5;192m[429c4b0f]&amp#27;[0m&amp#27;[38;5;-38m[AndroidUiautomator2Driver@17ed]&amp#27;[0m Matched '/element/00000000-0000-0189-ffff-ffff0000001f/click' to command name 'click'
&amp#27;[38;5;192m[429c4b0f]&amp#27;[0m&amp#27;[38;5;-38m[AndroidUiautomator2Driver@17ed]&amp#27;[0m Proxying [POST /element/00000000-0000-0189-ffff-ffff0000001f/click] to [POST http://127.0.0.1:8209/session/d000dd5b-af8f-49cc-8eff-a0c68c63cd09/element/00000000-0000-0189-ffff-ffff0000001f/click] with body: {"element":"00000000-0000-0189-ffff-ffff0000001f"}
&amp#27;[38;5;192m[429c4b0f]&amp#27;[0m&amp#27;[38;5;-38m[AndroidUiautomator2Driver@17ed]&amp#27;[0m Got response with status 200: {"sessionId":"d000dd5b-af8f-49cc-8eff-a0c68c63cd09","value":null}
&amp#27;[38;5;192m[429c4b0f]&amp#27;[0m&amp#27;[38;5;-38m[AndroidUiautomator2Driver@17ed]&amp#27;[0m Responding to client with driver.click() result: null
&amp#27;[38;5;192m[429c4b0f]&amp#27;[0m&amp#27;[38;5;86m[HTTP]&amp#27;[0m &amp#27;[37m<-- POST /session/429c4b0f-8341-488e-8711-9b6c6c81ed49/element/00000000-0000-0189-ffff-ffff0000001f/click &amp#27;[39m&amp#27;[32m200&amp#27;[39m &amp#27;[90m321 ms - 14&amp#27;[39m &amp#27;[90m&amp#27;[39m
&amp#27;[38;5;192m[429c4b0f]&amp#27;[0m&amp#27;[38;5;86m[HTTP]&amp#27;[0m &amp#27;[37m-->&amp#27;[39m &amp#27;[37mGET&amp#27;[39m &amp#27;[37m/session/429c4b0f-8341-488e-8711-9b6c6c81ed49/context&amp#27;[39m &amp#27;[90m{}&amp#27;[39m
&amp#27;[38;5;192m[429c4b0f]&amp#27;[0m&amp#27;[38;5;-38m[AndroidUiautomator2Driver@17ed]&amp#27;[0m Calling AppiumDriver.getCurrentContext() with args: ["429c4b0f-8341-488e-8711-9b6c6c81ed49"]
&amp#27;[38;5;192m[429c4b0f]&amp#27;[0m&amp#27;[38;5;-38m[AndroidUiautomator2Driver@17ed]&amp#27;[0m Responding to client with driver.getCurrentContext() result: "NATIVE_APP"
&amp#27;[38;5;192m[429c4b0f]&amp#27;[0m&amp#27;[38;5;86m[HTTP]&amp#27;[0m &amp#27;[37m<-- GET /session/429c4b0f-8341-488e-8711-9b6c6c81ed49/context &amp#27;[39m&amp#27;[32m200&amp#27;[39m &amp#27;[90m2 ms - 22&amp#27;[39m &amp#27;[90m&amp#27;[39m
&amp#27;[38;5;192m[429c4b0f]&amp#27;[0m&amp#27;[38;5;86m[HTTP]&amp#27;[0m &amp#27;[37m-->&amp#27;[39m &amp#27;[37mPOST&amp#27;[39m &amp#27;[37m/session/429c4b0f-8341-488e-8711-9b6c6c81ed49/element&amp#27;[39m &amp#27;[90m{"using":"id","value":"android:id/text1"}&amp#27;[39m
&amp#27;[38;5;192m[429c4b0f]&amp#27;[0m&amp#27;[38;5;-38m[AndroidUiautomator2Driver@17ed]&amp#27;[0m Calling AppiumDriver.findElement() with args: ["id","android:id/text1","429c4b0f-8341-488e-8711-9b6c6c81ed49"]
&amp#27;[38;5;192m[429c4b0f]&amp#27;[0m&amp#27;[38;5;-38m[AndroidUiautomator2Driver@17ed]&amp#27;[0m Valid locator strategies for this request: xpath, id, class name, accessibility id, css selector, -android uiautomator
&amp#27;[38;5;192m[429c4b0f]&amp#27;[0m&amp#27;[38;5;-38m[AndroidUiautomator2Driver@17ed]&amp#27;[0m Waiting up to 10000 ms for condition
&amp#27;[38;5;192m[429c4b0f]&amp#27;[0m&amp#27;[38;5;-38m[AndroidUiautomator2Driver@17ed]&amp#27;[0m Matched '/element' to command name 'findElement'
&amp#27;[38;5;192m[429c4b0f]&amp#27;[0m&amp#27;[38;5;-38m[AndroidUiautomator2Driver@17ed]&amp#27;[0m Proxying [POST /element] to [POST http://127.0.0.1:8209/session/d000dd5b-af8f-49cc-8eff-a0c68c63cd09/element] with body: {"strategy":"id","selector":"android:id/text1","context":"","multiple":false}
&amp#27;[38;5;192m[429c4b0f]&amp#27;[0m&amp#27;[38;5;-38m[AndroidUiautomator2Driver@17ed]&amp#27;[0m Got response with status 200: {"sessionId":"d000dd5b-af8f-49cc-8eff-a0c68c63cd09","value":{"ELEMENT":"00000000-0000-0189-ffff-ffff00000024","element-6066-11e4-a52e-4f735466cecf":"00000000-0000-0189-ffff-ffff00000024"}}
&amp#27;[38;5;192m[429c4b0f]&amp#27;[0m&amp#27;[38;5;-38m[AndroidUiautomator2Driver@17ed]&amp#27;[0m Responding to client with driver.findElement() result: {"element-6066-11e4-a52e-4f735466cecf":"00000000-0000-0189-ffff-ffff00000024","ELEMENT":"00000000-0000-0189-ffff-ffff00000024"}
&amp#27;[38;5;192m[429c4b0f]&amp#27;[0m&amp#27;[38;5;86m[HTTP]&amp#27;[0m &amp#27;[37m<-- POST /session/429c4b0f-8341-488e-8711-9b6c6c81ed49/element &amp#27;[39m&amp#27;[32m200&amp#27;[39m &amp#27;[90m1565 ms - 137&amp#27;[39m &amp#27;[90m&amp#27;[39m
&amp#27;[38;5;192m[429c4b0f]&amp#27;[0m&amp#27;[38;5;86m[HTTP]&amp#27;[0m &amp#27;[37m-->&amp#27;[39m &amp#27;[37mPOST&amp#27;[39m &amp#27;[37m/session/429c4b0f-8341-488e-8711-9b6c6c81ed49/element/00000000-0000-0189-ffff-ffff00000024/click&amp#27;[39m &amp#27;[90m{"id":"00000000-0000-0189-ffff-ffff00000024"}&amp#27;[39m
&amp#27;[38;5;192m[429c4b0f]&amp#27;[0m&amp#27;[38;5;-38m[AndroidUiautomator2Driver@17ed]&amp#27;[0m Calling AppiumDriver.click() with args: ["00000000-0000-0189-ffff-ffff00000024","429c4b0f-8341-488e-8711-9b6c6c81ed49"]
&amp#27;[38;5;192m[429c4b0f]&amp#27;[0m&amp#27;[38;5;-38m[AndroidUiautomator2Driver@17ed]&amp#27;[0m Matched '/element/00000000-0000-0189-ffff-ffff00000024/click' to command name 'click'
&amp#27;[38;5;192m[429c4b0f]&amp#27;[0m&amp#27;[38;5;-38m[AndroidUiautomator2Driver@17ed]&amp#27;[0m Proxying [POST /element/00000000-0000-0189-ffff-ffff00000024/click] to [POST http://127.0.0.1:8209/session/d000dd5b-af8f-49cc-8eff-a0c68c63cd09/element/00000000-0000-0189-ffff-ffff00000024/click] with body: {"element":"00000000-0000-0189-ffff-ffff00000024"}
&amp#27;[38;5;192m[429c4b0f]&amp#27;[0m&amp#27;[38;5;-38m[AndroidUiautomator2Driver@17ed]&amp#27;[0m Got response with status 200: {"sessionId":"d000dd5b-af8f-49cc-8eff-a0c68c63cd09","value":null}
&amp#27;[38;5;192m[429c4b0f]&amp#27;[0m&amp#27;[38;5;-38m[AndroidUiautomator2Driver@17ed]&amp#27;[0m Responding to client with driver.click() result: null
&amp#27;[38;5;192m[429c4b0f]&amp#27;[0m&amp#27;[38;5;86m[HTTP]&amp#27;[0m &amp#27;[37m<-- POST /session/429c4b0f-8341-488e-8711-9b6c6c81ed49/element/00000000-0000-0189-ffff-ffff00000024/click &amp#27;[39m&amp#27;[32m200&amp#27;[39m &amp#27;[90m419 ms - 14&amp#27;[39m &amp#27;[90m&amp#27;[39m
&amp#27;[38;5;192m[429c4b0f]&amp#27;[0m&amp#27;[38;5;86m[HTTP]&amp#27;[0m &amp#27;[37m-->&amp#27;[39m &amp#27;[37mPOST&amp#27;[39m &amp#27;[37m/session/429c4b0f-8341-488e-8711-9b6c6c81ed49/element&amp#27;[39m &amp#27;[90m{"using":"-android uiautomator","value":"new UiScrollable(new UiSelector()).scrollIntoView(text(\"Argentina\"))"}&amp#27;[39m
&amp#27;[38;5;192m[429c4b0f]&amp#27;[0m&amp#27;[38;5;-38m[AndroidUiautomator2Driver@17ed]&amp#27;[0m Calling AppiumDriver.findElement() with args: ["-android uiautomator","new UiScrollable(new UiSelector()).scrollIntoView(text(\"Argentina\"))","429c4b0f-8341-488e-8711-9b6c6c81ed49"]
&amp#27;[38;5;192m[429c4b0f]&amp#27;[0m&amp#27;[38;5;-38m[AndroidUiautomator2Driver@17ed]&amp#27;[0m Valid locator strategies for this request: xpath, id, class name, accessibility id, css selector, -android uiautomator
&amp#27;[38;5;192m[429c4b0f]&amp#27;[0m&amp#27;[38;5;-38m[AndroidUiautomator2Driver@17ed]&amp#27;[0m Waiting up to 10000 ms for condition
&amp#27;[38;5;192m[429c4b0f]&amp#27;[0m&amp#27;[38;5;-38m[AndroidUiautomator2Driver@17ed]&amp#27;[0m Matched '/element' to command name 'findElement'
&amp#27;[38;5;192m[429c4b0f]&amp#27;[0m&amp#27;[38;5;-38m[AndroidUiautomator2Driver@17ed]&amp#27;[0m Proxying [POST /element] to [POST http://127.0.0.1:8209/session/d000dd5b-af8f-49cc-8eff-a0c68c63cd09/element] with body: {"strategy":"-android uiautomator","selector":"new UiScrollable(new UiSelector()).scrollIntoView(text(\"Argentina\"))","context":"","multiple":false}
&amp#27;[38;5;192m[429c4b0f]&amp#27;[0m&amp#27;[38;5;-38m[AndroidUiautomator2Driver@17ed]&amp#27;[0m Got response with status 200: {"sessionId":"d000dd5b-af8f-49cc-8eff-a0c68c63cd09","value":{"ELEMENT":"00000000-0000-018a-ffff-ffff00000032","element-6066-11e4-a52e-4f735466cecf":"00000000-0000-018a-ffff-ffff00000032"}}
&amp#27;[38;5;192m[429c4b0f]&amp#27;[0m&amp#27;[38;5;-38m[AndroidUiautomator2Driver@17ed]&amp#27;[0m Responding to client with driver.findElement() result: {"element-6066-11e4-a52e-4f735466cecf":"00000000-0000-018a-ffff-ffff00000032","ELEMENT":"00000000-0000-018a-ffff-ffff00000032"}
&amp#27;[38;5;192m[429c4b0f]&amp#27;[0m&amp#27;[38;5;86m[HTTP]&amp#27;[0m &amp#27;[37m<-- POST /session/429c4b0f-8341-488e-8711-9b6c6c81ed49/element &amp#27;[39m&amp#27;[32m200&amp#27;[39m &amp#27;[90m21737 ms - 137&amp#27;[39m &amp#27;[90m&amp#27;[39m
&amp#27;[38;5;192m[429c4b0f]&amp#27;[0m&amp#27;[38;5;86m[HTTP]&amp#27;[0m &amp#27;[37m-->&amp#27;[39m &amp#27;[37mPOST&amp#27;[39m &amp#27;[37m/session/429c4b0f-8341-488e-8711-9b6c6c81ed49/element&amp#27;[39m &amp#27;[90m{"using":"xpath","value":"//android.widget.TextView[@text='Argentina']"}&amp#27;[39m
&amp#27;[38;5;192m[429c4b0f]&amp#27;[0m&amp#27;[38;5;-38m[AndroidUiautomator2Driver@17ed]&amp#27;[0m Calling AppiumDriver.findElement() with args: ["xpath","//android.widget.TextView[@text='Argentina']","429c4b0f-8341-488e-8711-9b6c6c81ed49"]
&amp#27;[38;5;192m[429c4b0f]&amp#27;[0m&amp#27;[38;5;-38m[AndroidUiautomator2Driver@17ed]&amp#27;[0m Valid locator strategies for this request: xpath, id, class name, accessibility id, css selector, -android uiautomator
&amp#27;[38;5;192m[429c4b0f]&amp#27;[0m&amp#27;[38;5;-38m[AndroidUiautomator2Driver@17ed]&amp#27;[0m Waiting up to 10000 ms for condition
&amp#27;[38;5;192m[429c4b0f]&amp#27;[0m&amp#27;[38;5;-38m[AndroidUiautomator2Driver@17ed]&amp#27;[0m Matched '/element' to command name 'findElement'
&amp#27;[38;5;192m[429c4b0f]&amp#27;[0m&amp#27;[38;5;-38m[AndroidUiautomator2Driver@17ed]&amp#27;[0m Proxying [POST /element] to [POST http://127.0.0.1:8209/session/d000dd5b-af8f-49cc-8eff-a0c68c63cd09/element] with body: {"strategy":"xpath","selector":"//android.widget.TextView[@text='Argentina']","context":"","multiple":false}
&amp#27;[38;5;192m[429c4b0f]&amp#27;[0m&amp#27;[38;5;-38m[AndroidUiautomator2Driver@17ed]&amp#27;[0m Got response with status 200: {"sessionId":"d000dd5b-af8f-49cc-8eff-a0c68c63cd09","value":{"ELEMENT":"00000000-0000-018a-ffff-ffff00000032","element-6066-11e4-a52e-4f735466cecf":"00000000-0000-018a-ffff-ffff00000032"}}
&amp#27;[38;5;192m[429c4b0f]&amp#27;[0m&amp#27;[38;5;-38m[AndroidUiautomator2Driver@17ed]&amp#27;[0m Responding to client with driver.findElement() result: {"element-6066-11e4-a52e-4f735466cecf":"00000000-0000-018a-ffff-ffff00000032","ELEMENT":"00000000-0000-018a-ffff-ffff00000032"}
&amp#27;[38;5;192m[429c4b0f]&amp#27;[0m&amp#27;[38;5;86m[HTTP]&amp#27;[0m &amp#27;[37m<-- POST /session/429c4b0f-8341-488e-8711-9b6c6c81ed49/element &amp#27;[39m&amp#27;[32m200&amp#27;[39m &amp#27;[90m278 ms - 137&amp#27;[39m &amp#27;[90m&amp#27;[39m
&amp#27;[38;5;192m[429c4b0f]&amp#27;[0m&amp#27;[38;5;86m[HTTP]&amp#27;[0m &amp#27;[37m-->&amp#27;[39m &amp#27;[37mPOST&amp#27;[39m &amp#27;[37m/session/429c4b0f-8341-488e-8711-9b6c6c81ed49/element/00000000-0000-018a-ffff-ffff00000032/click&amp#27;[39m &amp#27;[90m{"id":"00000000-0000-018a-ffff-ffff00000032"}&amp#27;[39m
&amp#27;[38;5;192m[429c4b0f]&amp#27;[0m&amp#27;[38;5;-38m[AndroidUiautomator2Driver@17ed]&amp#27;[0m Calling AppiumDriver.click() with args: ["00000000-0000-018a-ffff-ffff00000032","429c4b0f-8341-488e-8711-9b6c6c81ed49"]
&amp#27;[38;5;192m[429c4b0f]&amp#27;[0m&amp#27;[38;5;-38m[AndroidUiautomator2Driver@17ed]&amp#27;[0m Matched '/element/00000000-0000-018a-ffff-ffff00000032/click' to command name 'click'
&amp#27;[38;5;192m[429c4b0f]&amp#27;[0m&amp#27;[38;5;-38m[AndroidUiautomator2Driver@17ed]&amp#27;[0m Proxying [POST /element/00000000-0000-018a-ffff-ffff00000032/click] to [POST http://127.0.0.1:8209/session/d000dd5b-af8f-49cc-8eff-a0c68c63cd09/element/00000000-0000-018a-ffff-ffff00000032/click] with body: {"element":"00000000-0000-018a-ffff-ffff00000032"}
&amp#27;[38;5;192m[429c4b0f]&amp#27;[0m&amp#27;[38;5;-38m[AndroidUiautomator2Driver@17ed]&amp#27;[0m Got response with status 200: {"sessionId":"d000dd5b-af8f-49cc-8eff-a0c68c63cd09","value":null}
&amp#27;[38;5;192m[429c4b0f]&amp#27;[0m&amp#27;[38;5;-38m[AndroidUiautomator2Driver@17ed]&amp#27;[0m Responding to client with driver.click() result: null
&amp#27;[38;5;192m[429c4b0f]&amp#27;[0m&amp#27;[38;5;86m[HTTP]&amp#27;[0m &amp#27;[37m<-- POST /session/429c4b0f-8341-488e-8711-9b6c6c81ed49/element/00000000-0000-018a-ffff-ffff00000032/click &amp#27;[39m&amp#27;[32m200&amp#27;[39m &amp#27;[90m1580 ms - 14&amp#27;[39m &amp#27;[90m&amp#27;[39m
&amp#27;[38;5;192m[429c4b0f]&amp#27;[0m&amp#27;[38;5;86m[HTTP]&amp#27;[0m &amp#27;[37m-->&amp#27;[39m &amp#27;[37mGET&amp#27;[39m &amp#27;[37m/session/429c4b0f-8341-488e-8711-9b6c6c81ed49/context&amp#27;[39m &amp#27;[90m{}&amp#27;[39m
&amp#27;[38;5;192m[429c4b0f]&amp#27;[0m&amp#27;[38;5;-38m[AndroidUiautomator2Driver@17ed]&amp#27;[0m Calling AppiumDriver.getCurrentContext() with args: ["429c4b0f-8341-488e-8711-9b6c6c81ed49"]
&amp#27;[38;5;192m[429c4b0f]&amp#27;[0m&amp#27;[38;5;-38m[AndroidUiautomator2Driver@17ed]&amp#27;[0m Responding to client with driver.getCurrentContext() result: "NATIVE_APP"
&amp#27;[38;5;192m[429c4b0f]&amp#27;[0m&amp#27;[38;5;86m[HTTP]&amp#27;[0m &amp#27;[37m<-- GET /session/429c4b0f-8341-488e-8711-9b6c6c81ed49/context &amp#27;[39m&amp#27;[32m200&amp#27;[39m &amp#27;[90m1 ms - 22&amp#27;[39m &amp#27;[90m&amp#27;[39m
&amp#27;[38;5;192m[429c4b0f]&amp#27;[0m&amp#27;[38;5;86m[HTTP]&amp#27;[0m &amp#27;[37m-->&amp#27;[39m &amp#27;[37mPOST&amp#27;[39m &amp#27;[37m/session/429c4b0f-8341-488e-8711-9b6c6c81ed49/element&amp#27;[39m &amp#27;[90m{"using":"id","value":"com.androidsample.generalstore:id/btnLetsShop"}&amp#27;[39m
&amp#27;[38;5;192m[429c4b0f]&amp#27;[0m&amp#27;[38;5;-38m[AndroidUiautomator2Driver@17ed]&amp#27;[0m Calling AppiumDriver.findElement() with args: ["id","com.androidsample.generalstore:id/btnLetsShop","429c4b0f-8341-488e-8711-9b6c6c81ed49"]
&amp#27;[38;5;192m[429c4b0f]&amp#27;[0m&amp#27;[38;5;-38m[AndroidUiautomator2Driver@17ed]&amp#27;[0m Valid locator strategies for this request: xpath, id, class name, accessibility id, css selector, -android uiautomator
&amp#27;[38;5;192m[429c4b0f]&amp#27;[0m&amp#27;[38;5;-38m[AndroidUiautomator2Driver@17ed]&amp#27;[0m Waiting up to 10000 ms for condition
&amp#27;[38;5;192m[429c4b0f]&amp#27;[0m&amp#27;[38;5;-38m[AndroidUiautomator2Driver@17ed]&amp#27;[0m Matched '/element' to command name 'findElement'
&amp#27;[38;5;192m[429c4b0f]&amp#27;[0m&amp#27;[38;5;-38m[AndroidUiautomator2Driver@17ed]&amp#27;[0m Proxying [POST /element] to [POST http://127.0.0.1:8209/session/d000dd5b-af8f-49cc-8eff-a0c68c63cd09/element] with body: {"strategy":"id","selector":"com.androidsample.generalstore:id/btnLetsShop","context":"","multiple":false}
&amp#27;[38;5;192m[429c4b0f]&amp#27;[0m&amp#27;[38;5;-38m[AndroidUiautomator2Driver@17ed]&amp#27;[0m Got response with status 200: {"sessionId":"d000dd5b-af8f-49cc-8eff-a0c68c63cd09","value":{"ELEMENT":"00000000-0000-0189-ffff-ffff00000021","element-6066-11e4-a52e-4f735466cecf":"00000000-0000-0189-ffff-ffff00000021"}}
&amp#27;[38;5;192m[429c4b0f]&amp#27;[0m&amp#27;[38;5;-38m[AndroidUiautomator2Driver@17ed]&amp#27;[0m Responding to client with driver.findElement() result: {"element-6066-11e4-a52e-4f735466cecf":"00000000-0000-0189-ffff-ffff00000021","ELEMENT":"00000000-0000-0189-ffff-ffff00000021"}
&amp#27;[38;5;192m[429c4b0f]&amp#27;[0m&amp#27;[38;5;86m[HTTP]&amp#27;[0m &amp#27;[37m<-- POST /session/429c4b0f-8341-488e-8711-9b6c6c81ed49/element &amp#27;[39m&amp#27;[32m200&amp#27;[39m &amp#27;[90m1233 ms - 137&amp#27;[39m &amp#27;[90m&amp#27;[39m
&amp#27;[38;5;192m[429c4b0f]&amp#27;[0m&amp#27;[38;5;86m[HTTP]&amp#27;[0m &amp#27;[37m-->&amp#27;[39m &amp#27;[37mPOST&amp#27;[39m &amp#27;[37m/session/429c4b0f-8341-488e-8711-9b6c6c81ed49/element/00000000-0000-0189-ffff-ffff00000021/click&amp#27;[39m &amp#27;[90m{"id":"00000000-0000-0189-ffff-ffff00000021"}&amp#27;[39m
&amp#27;[38;5;192m[429c4b0f]&amp#27;[0m&amp#27;[38;5;-38m[AndroidUiautomator2Driver@17ed]&amp#27;[0m Calling AppiumDriver.click() with args: ["00000000-0000-0189-ffff-ffff00000021","429c4b0f-8341-488e-8711-9b6c6c81ed49"]
&amp#27;[38;5;192m[429c4b0f]&amp#27;[0m&amp#27;[38;5;-38m[AndroidUiautomator2Driver@17ed]&amp#27;[0m Matched '/element/00000000-0000-0189-ffff-ffff00000021/click' to command name 'click'
&amp#27;[38;5;192m[429c4b0f]&amp#27;[0m&amp#27;[38;5;-38m[AndroidUiautomator2Driver@17ed]&amp#27;[0m Proxying [POST /element/00000000-0000-0189-ffff-ffff00000021/click] to [POST http://127.0.0.1:8209/session/d000dd5b-af8f-49cc-8eff-a0c68c63cd09/element/00000000-0000-0189-ffff-ffff00000021/click] with body: {"element":"00000000-0000-0189-ffff-ffff00000021"}
&amp#27;[38;5;192m[429c4b0f]&amp#27;[0m&amp#27;[38;5;-38m[AndroidUiautomator2Driver@17ed]&amp#27;[0m Got response with status 200: {"sessionId":"d000dd5b-af8f-49cc-8eff-a0c68c63cd09","value":null}
&amp#27;[38;5;192m[429c4b0f]&amp#27;[0m&amp#27;[38;5;-38m[AndroidUiautomator2Driver@17ed]&amp#27;[0m Responding to client with driver.click() result: null
&amp#27;[38;5;192m[429c4b0f]&amp#27;[0m&amp#27;[38;5;86m[HTTP]&amp#27;[0m &amp#27;[37m<-- POST /session/429c4b0f-8341-488e-8711-9b6c6c81ed49/element/00000000-0000-0189-ffff-ffff00000021/click &amp#27;[39m&amp#27;[32m200&amp#27;[39m &amp#27;[90m446 ms - 14&amp#27;[39m &amp#27;[90m&amp#27;[39m
&amp#27;[38;5;192m[429c4b0f]&amp#27;[0m&amp#27;[38;5;86m[HTTP]&amp#27;[0m &amp#27;[37m-->&amp#27;[39m &amp#27;[37mGET&amp#27;[39m &amp#27;[37m/session/429c4b0f-8341-488e-8711-9b6c6c81ed49/context&amp#27;[39m &amp#27;[90m{}&amp#27;[39m
&amp#27;[38;5;192m[429c4b0f]&amp#27;[0m&amp#27;[38;5;-38m[AndroidUiautomator2Driver@17ed]&amp#27;[0m Calling AppiumDriver.getCurrentContext() with args: ["429c4b0f-8341-488e-8711-9b6c6c81ed49"]
&amp#27;[38;5;192m[429c4b0f]&amp#27;[0m&amp#27;[38;5;-38m[AndroidUiautomator2Driver@17ed]&amp#27;[0m Responding to client with driver.getCurrentContext() result: "NATIVE_APP"
&amp#27;[38;5;192m[429c4b0f]&amp#27;[0m&amp#27;[38;5;86m[HTTP]&amp#27;[0m &amp#27;[37m<-- GET /session/429c4b0f-8341-488e-8711-9b6c6c81ed49/context &amp#27;[39m&amp#27;[32m200&amp#27;[39m &amp#27;[90m2 ms - 22&amp#27;[39m &amp#27;[90m&amp#27;[39m
&amp#27;[38;5;192m[429c4b0f]&amp#27;[0m&amp#27;[38;5;86m[HTTP]&amp#27;[0m &amp#27;[37m-->&amp#27;[39m &amp#27;[37mPOST&amp#27;[39m &amp#27;[37m/session/429c4b0f-8341-488e-8711-9b6c6c81ed49/elements&amp#27;[39m &amp#27;[90m{"using":"xpath","value":"//android.widget.TextView[@text='ADD TO CART']"}&amp#27;[39m
&amp#27;[38;5;192m[429c4b0f]&amp#27;[0m&amp#27;[38;5;-38m[AndroidUiautomator2Driver@17ed]&amp#27;[0m Calling AppiumDriver.findElements() with args: ["xpath","//android.widget.TextView[@text='ADD TO CART']","429c4b0f-8341-488e-8711-9b6c6c81ed49"]
&amp#27;[38;5;192m[429c4b0f]&amp#27;[0m&amp#27;[38;5;-38m[AndroidUiautomator2Driver@17ed]&amp#27;[0m Valid locator strategies for this request: xpath, id, class name, accessibility id, css selector, -android uiautomator
&amp#27;[38;5;192m[429c4b0f]&amp#27;[0m&amp#27;[38;5;-38m[AndroidUiautomator2Driver@17ed]&amp#27;[0m Waiting up to 10000 ms for condition
&amp#27;[38;5;192m[429c4b0f]&amp#27;[0m&amp#27;[38;5;-38m[AndroidUiautomator2Driver@17ed]&amp#27;[0m Matched '/elements' to command name 'findElements'
&amp#27;[38;5;192m[429c4b0f]&amp#27;[0m&amp#27;[38;5;-38m[AndroidUiautomator2Driver@17ed]&amp#27;[0m Proxying [POST /elements] to [POST http://127.0.0.1:8209/session/d000dd5b-af8f-49cc-8eff-a0c68c63cd09/elements] with body: {"strategy":"xpath","selector":"//android.widget.TextView[@text='ADD TO CART']","context":"","multiple":true}
&amp#27;[38;5;192m[429c4b0f]&amp#27;[0m&amp#27;[38;5;-38m[AndroidUiautomator2Driver@17ed]&amp#27;[0m Got response with status 200: {"sessionId":"d000dd5b-af8f-49cc-8eff-a0c68c63cd09","value":[]}
&amp#27;[38;5;192m[429c4b0f]&amp#27;[0m&amp#27;[38;5;-38m[AndroidUiautomator2Driver@17ed]&amp#27;[0m Waited for 3786 ms so far
&amp#27;[38;5;192m[429c4b0f]&amp#27;[0m&amp#27;[38;5;-38m[AndroidUiautomator2Driver@17ed]&amp#27;[0m Matched '/elements' to command name 'findElements'
&amp#27;[38;5;192m[429c4b0f]&amp#27;[0m&amp#27;[38;5;-38m[AndroidUiautomator2Driver@17ed]&amp#27;[0m Proxying [POST /elements] to [POST http://127.0.0.1:8209/session/d000dd5b-af8f-49cc-8eff-a0c68c63cd09/elements] with body: {"strategy":"xpath","selector":"//android.widget.TextView[@text='ADD TO CART']","context":"","multiple":true}
&amp#27;[38;5;192m[429c4b0f]&amp#27;[0m&amp#27;[38;5;-38m[AndroidUiautomator2Driver@17ed]&amp#27;[0m Got response with status 200: {"sessionId":"d000dd5b-af8f-49cc-8eff-a0c68c63cd09","value":[{"ELEMENT":"00000000-0000-018b-ffff-ffff00000051","element-6066-11e4-a52e-4f735466cecf":"00000000-0000-018b-ffff-ffff00000051"},{"ELEMENT":"00000000-0000-018b-ffff-ffff00000059","element-6066-11e4-a52e-4f735466cecf":"00000000-0000-018b-ffff-ffff00000059"}]}
&amp#27;[38;5;192m[429c4b0f]&amp#27;[0m&amp#27;[38;5;-38m[AndroidUiautomator2Driver@17ed]&amp#27;[0m Responding to client with driver.findElements() result: [{"element-6066-11e4-a52e-4f735466cecf":"00000000-0000-018b-ffff-ffff00000051","ELEMENT":"00000000-0000-018b-ffff-ffff00000051"},{"element-6066-11e4-a52e-4f735466cecf":"00000000-0000-018b-ffff-ffff00000059","ELEMENT":"00000000-0000-018b-ffff-ffff00000059"}]
&amp#27;[38;5;192m[429c4b0f]&amp#27;[0m&amp#27;[38;5;86m[HTTP]&amp#27;[0m &amp#27;[37m<-- POST /session/429c4b0f-8341-488e-8711-9b6c6c81ed49/elements &amp#27;[39m&amp#27;[32m200&amp#27;[39m &amp#27;[90m4900 ms - 267&amp#27;[39m &amp#27;[90m&amp#27;[39m
&amp#27;[38;5;192m[429c4b0f]&amp#27;[0m&amp#27;[38;5;86m[HTTP]&amp#27;[0m &amp#27;[37m-->&amp#27;[39m &amp#27;[37mPOST&amp#27;[39m &amp#27;[37m/session/429c4b0f-8341-488e-8711-9b6c6c81ed49/element/00000000-0000-018b-ffff-ffff00000051/click&amp#27;[39m &amp#27;[90m{"id":"00000000-0000-018b-ffff-ffff00000051"}&amp#27;[39m
&amp#27;[38;5;192m[429c4b0f]&amp#27;[0m&amp#27;[38;5;-38m[AndroidUiautomator2Driver@17ed]&amp#27;[0m Calling AppiumDriver.click() with args: ["00000000-0000-018b-ffff-ffff00000051","429c4b0f-8341-488e-8711-9b6c6c81ed49"]
&amp#27;[38;5;192m[429c4b0f]&amp#27;[0m&amp#27;[38;5;-38m[AndroidUiautomator2Driver@17ed]&amp#27;[0m Matched '/element/00000000-0000-018b-ffff-ffff00000051/click' to command name 'click'
&amp#27;[38;5;192m[429c4b0f]&amp#27;[0m&amp#27;[38;5;-38m[AndroidUiautomator2Driver@17ed]&amp#27;[0m Proxying [POST /element/00000000-0000-018b-ffff-ffff00000051/click] to [POST http://127.0.0.1:8209/session/d000dd5b-af8f-49cc-8eff-a0c68c63cd09/element/00000000-0000-018b-ffff-ffff00000051/click] with body: {"element":"00000000-0000-018b-ffff-ffff00000051"}
&amp#27;[38;5;192m[429c4b0f]&amp#27;[0m&amp#27;[38;5;-38m[AndroidUiautomator2Driver@17ed]&amp#27;[0m Got response with status 200: {"sessionId":"d000dd5b-af8f-49cc-8eff-a0c68c63cd09","value":null}
&amp#27;[38;5;192m[429c4b0f]&amp#27;[0m&amp#27;[38;5;-38m[AndroidUiautomator2Driver@17ed]&amp#27;[0m Responding to client with driver.click() result: null
&amp#27;[38;5;192m[429c4b0f]&amp#27;[0m&amp#27;[38;5;86m[HTTP]&amp#27;[0m &amp#27;[37m<-- POST /session/429c4b0f-8341-488e-8711-9b6c6c81ed49/element/00000000-0000-018b-ffff-ffff00000051/click &amp#27;[39m&amp#27;[32m200&amp#27;[39m &amp#27;[90m642 ms - 14&amp#27;[39m &amp#27;[90m&amp#27;[39m
&amp#27;[38;5;192m[429c4b0f]&amp#27;[0m&amp#27;[38;5;86m[HTTP]&amp#27;[0m &amp#27;[37m-->&amp#27;[39m &amp#27;[37mGET&amp#27;[39m &amp#27;[37m/session/429c4b0f-8341-488e-8711-9b6c6c81ed49/context&amp#27;[39m &amp#27;[90m{}&amp#27;[39m
&amp#27;[38;5;192m[429c4b0f]&amp#27;[0m&amp#27;[38;5;-38m[AndroidUiautomator2Driver@17ed]&amp#27;[0m Calling AppiumDriver.getCurrentContext() with args: ["429c4b0f-8341-488e-8711-9b6c6c81ed49"]
&amp#27;[38;5;192m[429c4b0f]&amp#27;[0m&amp#27;[38;5;-38m[AndroidUiautomator2Driver@17ed]&amp#27;[0m Responding to client with driver.getCurrentContext() result: "NATIVE_APP"
&amp#27;[38;5;192m[429c4b0f]&amp#27;[0m&amp#27;[38;5;86m[HTTP]&amp#27;[0m &amp#27;[37m<-- GET /session/429c4b0f-8341-488e-8711-9b6c6c81ed49/context &amp#27;[39m&amp#27;[32m200&amp#27;[39m &amp#27;[90m2 ms - 22&amp#27;[39m &amp#27;[90m&amp#27;[39m
&amp#27;[38;5;192m[429c4b0f]&amp#27;[0m&amp#27;[38;5;86m[HTTP]&amp#27;[0m &amp#27;[37m-->&amp#27;[39m &amp#27;[37mPOST&amp#27;[39m &amp#27;[37m/session/429c4b0f-8341-488e-8711-9b6c6c81ed49/elements&amp#27;[39m &amp#27;[90m{"using":"xpath","value":"//android.widget.TextView[@text='ADD TO CART']"}&amp#27;[39m
&amp#27;[38;5;192m[429c4b0f]&amp#27;[0m&amp#27;[38;5;-38m[AndroidUiautomator2Driver@17ed]&amp#27;[0m Calling AppiumDriver.findElements() with args: ["xpath","//android.widget.TextView[@text='ADD TO CART']","429c4b0f-8341-488e-8711-9b6c6c81ed49"]
&amp#27;[38;5;192m[429c4b0f]&amp#27;[0m&amp#27;[38;5;-38m[AndroidUiautomator2Driver@17ed]&amp#27;[0m Valid locator strategies for this request: xpath, id, class name, accessibility id, css selector, -android uiautomator
&amp#27;[38;5;192m[429c4b0f]&amp#27;[0m&amp#27;[38;5;-38m[AndroidUiautomator2Driver@17ed]&amp#27;[0m Waiting up to 10000 ms for condition
&amp#27;[38;5;192m[429c4b0f]&amp#27;[0m&amp#27;[38;5;-38m[AndroidUiautomator2Driver@17ed]&amp#27;[0m Matched '/elements' to command name 'findElements'
&amp#27;[38;5;192m[429c4b0f]&amp#27;[0m&amp#27;[38;5;-38m[AndroidUiautomator2Driver@17ed]&amp#27;[0m Proxying [POST /elements] to [POST http://127.0.0.1:8209/session/d000dd5b-af8f-49cc-8eff-a0c68c63cd09/elements] with body: {"strategy":"xpath","selector":"//android.widget.TextView[@text='ADD TO CART']","context":"","multiple":true}
&amp#27;[38;5;192m[429c4b0f]&amp#27;[0m&amp#27;[38;5;-38m[AndroidUiautomator2Driver@17ed]&amp#27;[0m Got response with status 200: {"sessionId":"d000dd5b-af8f-49cc-8eff-a0c68c63cd09","value":[{"ELEMENT":"00000000-0000-018b-ffff-ffff00000059","element-6066-11e4-a52e-4f735466cecf":"00000000-0000-018b-ffff-ffff00000059"}]}
&amp#27;[38;5;192m[429c4b0f]&amp#27;[0m&amp#27;[38;5;-38m[AndroidUiautomator2Driver@17ed]&amp#27;[0m Responding to client with driver.findElements() result: [{"element-6066-11e4-a52e-4f735466cecf":"00000000-0000-018b-ffff-ffff00000059","ELEMENT":"00000000-0000-018b-ffff-ffff00000059"}]
&amp#27;[38;5;192m[429c4b0f]&amp#27;[0m&amp#27;[38;5;86m[HTTP]&amp#27;[0m &amp#27;[37m<-- POST /session/429c4b0f-8341-488e-8711-9b6c6c81ed49/elements &amp#27;[39m&amp#27;[32m200&amp#27;[39m &amp#27;[90m208 ms - 139&amp#27;[39m &amp#27;[90m&amp#27;[39m
&amp#27;[38;5;192m[429c4b0f]&amp#27;[0m&amp#27;[38;5;86m[HTTP]&amp#27;[0m &amp#27;[37m-->&amp#27;[39m &amp#27;[37mPOST&amp#27;[39m &amp#27;[37m/session/429c4b0f-8341-488e-8711-9b6c6c81ed49/element/00000000-0000-018b-ffff-ffff00000059/click&amp#27;[39m &amp#27;[90m{"id":"00000000-0000-018b-ffff-ffff00000059"}&amp#27;[39m
&amp#27;[38;5;192m[429c4b0f]&amp#27;[0m&amp#27;[38;5;-38m[AndroidUiautomator2Driver@17ed]&amp#27;[0m Calling AppiumDriver.click() with args: ["00000000-0000-018b-ffff-ffff00000059","429c4b0f-8341-488e-8711-9b6c6c81ed49"]
&amp#27;[38;5;192m[429c4b0f]&amp#27;[0m&amp#27;[38;5;-38m[AndroidUiautomator2Driver@17ed]&amp#27;[0m Matched '/element/00000000-0000-018b-ffff-ffff00000059/click' to command name 'click'
&amp#27;[38;5;192m[429c4b0f]&amp#27;[0m&amp#27;[38;5;-38m[AndroidUiautomator2Driver@17ed]&amp#27;[0m Proxying [POST /element/00000000-0000-018b-ffff-ffff00000059/click] to [POST http://127.0.0.1:8209/session/d000dd5b-af8f-49cc-8eff-a0c68c63cd09/element/00000000-0000-018b-ffff-ffff00000059/click] with body: {"element":"00000000-0000-018b-ffff-ffff00000059"}
&amp#27;[38;5;192m[429c4b0f]&amp#27;[0m&amp#27;[38;5;-38m[AndroidUiautomator2Driver@17ed]&amp#27;[0m Got response with status 200: {"sessionId":"d000dd5b-af8f-49cc-8eff-a0c68c63cd09","value":null}
&amp#27;[38;5;192m[429c4b0f]&amp#27;[0m&amp#27;[38;5;-38m[AndroidUiautomator2Driver@17ed]&amp#27;[0m Responding to client with driver.click() result: null
&amp#27;[38;5;192m[429c4b0f]&amp#27;[0m&amp#27;[38;5;86m[HTTP]&amp#27;[0m &amp#27;[37m<-- POST /session/429c4b0f-8341-488e-8711-9b6c6c81ed49/element/00000000-0000-018b-ffff-ffff00000059/click &amp#27;[39m&amp#27;[32m200&amp#27;[39m &amp#27;[90m663 ms - 14&amp#27;[39m &amp#27;[90m&amp#27;[39m
&amp#27;[38;5;192m[429c4b0f]&amp#27;[0m&amp#27;[38;5;86m[HTTP]&amp#27;[0m &amp#27;[37m-->&amp#27;[39m &amp#27;[37mGET&amp#27;[39m &amp#27;[37m/session/429c4b0f-8341-488e-8711-9b6c6c81ed49/context&amp#27;[39m &amp#27;[90m{}&amp#27;[39m
&amp#27;[38;5;192m[429c4b0f]&amp#27;[0m&amp#27;[38;5;-38m[AndroidUiautomator2Driver@17ed]&amp#27;[0m Calling AppiumDriver.getCurrentContext() with args: ["429c4b0f-8341-488e-8711-9b6c6c81ed49"]
&amp#27;[38;5;192m[429c4b0f]&amp#27;[0m&amp#27;[38;5;-38m[AndroidUiautomator2Driver@17ed]&amp#27;[0m Responding to client with driver.getCurrentContext() result: "NATIVE_APP"
&amp#27;[38;5;192m[429c4b0f]&amp#27;[0m&amp#27;[38;5;86m[HTTP]&amp#27;[0m &amp#27;[37m<-- GET /session/429c4b0f-8341-488e-8711-9b6c6c81ed49/context &amp#27;[39m&amp#27;[32m200&amp#27;[39m &amp#27;[90m2 ms - 22&amp#27;[39m &amp#27;[90m&amp#27;[39m
&amp#27;[38;5;192m[429c4b0f]&amp#27;[0m&amp#27;[38;5;86m[HTTP]&amp#27;[0m &amp#27;[37m-->&amp#27;[39m &amp#27;[37mPOST&amp#27;[39m &amp#27;[37m/session/429c4b0f-8341-488e-8711-9b6c6c81ed49/element&amp#27;[39m &amp#27;[90m{"using":"id","value":"com.androidsample.generalstore:id/appbar_btn_cart"}&amp#27;[39m
&amp#27;[38;5;192m[429c4b0f]&amp#27;[0m&amp#27;[38;5;-38m[AndroidUiautomator2Driver@17ed]&amp#27;[0m Calling AppiumDriver.findElement() with args: ["id","com.androidsample.generalstore:id/appbar_btn_cart","429c4b0f-8341-488e-8711-9b6c6c81ed49"]
&amp#27;[38;5;192m[429c4b0f]&amp#27;[0m&amp#27;[38;5;-38m[AndroidUiautomator2Driver@17ed]&amp#27;[0m Valid locator strategies for this request: xpath, id, class name, accessibility id, css selector, -android uiautomator
&amp#27;[38;5;192m[429c4b0f]&amp#27;[0m&amp#27;[38;5;-38m[AndroidUiautomator2Driver@17ed]&amp#27;[0m Waiting up to 10000 ms for condition
&amp#27;[38;5;192m[429c4b0f]&amp#27;[0m&amp#27;[38;5;-38m[AndroidUiautomator2Driver@17ed]&amp#27;[0m Matched '/element' to command name 'findElement'
&amp#27;[38;5;192m[429c4b0f]&amp#27;[0m&amp#27;[38;5;-38m[AndroidUiautomator2Driver@17ed]&amp#27;[0m Proxying [POST /element] to [POST http://127.0.0.1:8209/session/d000dd5b-af8f-49cc-8eff-a0c68c63cd09/element] with body: {"strategy":"id","selector":"com.androidsample.generalstore:id/appbar_btn_cart","context":"","multiple":false}
[...]
&amp#27;[38;5;220m[82d0eea3]&amp#27;[0m&amp#27;[38;5;-90m[AndroidUiautomator2Driver@4f58]&amp#27;[0m Matched '/element/00000000-0000-019e-ffff-ffff0000001c/value' to command name 'setValue'
&amp#27;[38;5;220m[82d0eea3]&amp#27;[0m&amp#27;[38;5;-90m[AndroidUiautomator2Driver@4f58]&amp#27;[0m Added 'value' property ["R","a","h","u","l"," ","S","h","e","t","t","y"] to 'setValue' request body
&amp#27;[38;5;220m[82d0eea3]&amp#27;[0m&amp#27;[38;5;-90m[AndroidUiautomator2Driver@4f58]&amp#27;[0m Proxying [POST /element/00000000-0000-019e-ffff-ffff0000001c/value] to [POST http://127.0.0.1:8209/session/17edddf4-a196-49ca-8c47-a08d76399f53/element/00000000-0000-019e-ffff-ffff0000001c/value] with body: {"elementId":"00000000-0000-019e-ffff-ffff0000001c","text":"Rahul Shetty","replace":false,"value":["R","a","h","u","l"," ","S","h","e","t","t","y"]}
&amp#27;[38;5;220m[82d0eea3]&amp#27;[0m&amp#27;[38;5;-90m[AndroidUiautomator2Driver@4f58]&amp#27;[0m Got response with status 200: {"sessionId":"17edddf4-a196-49ca-8c47-a08d76399f53","value":null}
&amp#27;[38;5;220m[82d0eea3]&amp#27;[0m&amp#27;[38;5;-90m[AndroidUiautomator2Driver@4f58]&amp#27;[0m Responding to client with driver.setValue() result: null
&amp#27;[38;5;220m[82d0eea3]&amp#27;[0m&amp#27;[38;5;86m[HTTP]&amp#27;[0m &amp#27;[37m<-- POST /session/82d0eea3-c491-4185-b5f0-6e728da1ae71/element/00000000-0000-019e-ffff-ffff0000001c/value &amp#27;[39m&amp#27;[32m200&amp#27;[39m &amp#27;[90m838 ms - 14&amp#27;[39m &amp#27;[90m&amp#27;[39m
&amp#27;[38;5;220m[82d0eea3]&amp#27;[0m&amp#27;[38;5;86m[HTTP]&amp#27;[0m &amp#27;[37m-->&amp#27;[39m &amp#27;[37mPOST&amp#27;[39m &amp#27;[37m/session/82d0eea3-c491-4185-b5f0-6e728da1ae71/execute/sync&amp#27;[39m &amp#27;[90m{"script":"mobile: hideKeyboard","args":[]}&amp#27;[39m
&amp#27;[38;5;220m[82d0eea3]&amp#27;[0m&amp#27;[38;5;-90m[AndroidUiautomator2Driver@4f58]&amp#27;[0m Calling AppiumDriver.execute() with args: ["mobile: hideKeyboard",[],"82d0eea3-c491-4185-b5f0-6e728da1ae71"]
&amp#27;[38;5;220m[82d0eea3]&amp#27;[0m&amp#27;[38;5;229m[ADB]&amp#27;[0m Running 'C:\Users\admin\AppData\Local\Android\Sdk\platform-tools\adb.exe -P 5037 -s emulator-5554 shell dumpsys input_method'
&amp#27;[38;5;220m[82d0eea3]&amp#27;[0m&amp#27;[38;5;229m[ADB]&amp#27;[0m Keyboard has no UI; no closing necessary
&amp#27;[38;5;220m[82d0eea3]&amp#27;[0m&amp#27;[38;5;-90m[AndroidUiautomator2Driver@4f58]&amp#27;[0m Responding to client with driver.execute() result: false
&amp#27;[38;5;220m[82d0eea3]&amp#27;[0m&amp#27;[38;5;86m[HTTP]&amp#27;[0m &amp#27;[37m<-- POST /session/82d0eea3-c491-4185-b5f0-6e728da1ae71/execute/sync &amp#27;[39m&amp#27;[32m200&amp#27;[39m &amp#27;[90m1273 ms - 15&amp#27;[39m &amp#27;[90m&amp#27;[39m
&amp#27;[38;5;220m[82d0eea3]&amp#27;[0m&amp#27;[38;5;86m[HTTP]&amp#27;[0m &amp#27;[37m-->&amp#27;[39m &amp#27;[37mPOST&amp#27;[39m &amp#27;[37m/session/82d0eea3-c491-4185-b5f0-6e728da1ae71/element&amp#27;[39m &amp#27;[90m{"using":"xpath","value":"//android.widget.RadioButton[@text='Female']"}&amp#27;[39m
&amp#27;[38;5;220m[82d0eea3]&amp#27;[0m&amp#27;[38;5;-90m[AndroidUiautomator2Driver@4f58]&amp#27;[0m Calling AppiumDriver.findElement() with args: ["xpath","//android.widget.RadioButton[@text='Female']","82d0eea3-c491-4185-b5f0-6e728da1ae71"]
&amp#27;[38;5;220m[82d0eea3]&amp#27;[0m&amp#27;[38;5;-90m[AndroidUiautomator2Driver@4f58]&amp#27;[0m Valid locator strategies for this request: xpath, id, class name, accessibility id, css selector, -android uiautomator
&amp#27;[38;5;220m[82d0eea3]&amp#27;[0m&amp#27;[38;5;-90m[AndroidUiautomator2Driver@4f58]&amp#27;[0m Waiting up to 10000 ms for condition
&amp#27;[38;5;220m[82d0eea3]&amp#27;[0m&amp#27;[38;5;-90m[AndroidUiautomator2Driver@4f58]&amp#27;[0m Matched '/element' to command name 'findElement'
&amp#27;[38;5;220m[82d0eea3]&amp#27;[0m&amp#27;[38;5;-90m[AndroidUiautomator2Driver@4f58]&amp#27;[0m Proxying [POST /element] to [POST http://127.0.0.1:8209/session/17edddf4-a196-49ca-8c47-a08d76399f53/element] with body: {"strategy":"xpath","selector":"//android.widget.RadioButton[@text='Female']","context":"","multiple":false}
&amp#27;[38;5;220m[82d0eea3]&amp#27;[0m&amp#27;[38;5;-90m[AndroidUiautomator2Driver@4f58]&amp#27;[0m Got response with status 200: {"sessionId":"17edddf4-a196-49ca-8c47-a08d76399f53","value":{"ELEMENT":"00000000-0000-019e-ffff-ffff00000020","element-6066-11e4-a52e-4f735466cecf":"00000000-0000-019e-ffff-ffff00000020"}}
&amp#27;[38;5;220m[82d0eea3]&amp#27;[0m&amp#27;[38;5;-90m[AndroidUiautomator2Driver@4f58]&amp#27;[0m Responding to client with driver.findElement() result: {"element-6066-11e4-a52e-4f735466cecf":"00000000-0000-019e-ffff-ffff00000020","ELEMENT":"00000000-0000-019e-ffff-ffff00000020"}
&amp#27;[38;5;220m[82d0eea3]&amp#27;[0m&amp#27;[38;5;86m[HTTP]&amp#27;[0m &amp#27;[37m<-- POST /session/82d0eea3-c491-4185-b5f0-6e728da1ae71/element &amp#27;[39m&amp#27;[32m200&amp#27;[39m &amp#27;[90m157 ms - 137&amp#27;[39m &amp#27;[90m&amp#27;[39m
&amp#27;[38;5;220m[82d0eea3]&amp#27;[0m&amp#27;[38;5;86m[HTTP]&amp#27;[0m &amp#27;[37m-->&amp#27;[39m &amp#27;[37mPOST&amp#27;[39m &amp#27;[37m/session/82d0eea3-c491-4185-b5f0-6e728da1ae71/element/00000000-0000-019e-ffff-ffff00000020/click&amp#27;[39m &amp#27;[90m{"id":"00000000-0000-019e-ffff-ffff00000020"}&amp#27;[39m
&amp#27;[38;5;220m[82d0eea3]&amp#27;[0m&amp#27;[38;5;-90m[AndroidUiautomator2Driver@4f58]&amp#27;[0m Calling AppiumDriver.click() with args: ["00000000-0000-019e-ffff-ffff00000020","82d0eea3-c491-4185-b5f0-6e728da1ae71"]
&amp#27;[38;5;220m[82d0eea3]&amp#27;[0m&amp#27;[38;5;-90m[AndroidUiautomator2Driver@4f58]&amp#27;[0m Matched '/element/00000000-0000-019e-ffff-ffff00000020/click' to command name 'click'
&amp#27;[38;5;220m[82d0eea3]&amp#27;[0m&amp#27;[38;5;-90m[AndroidUiautomator2Driver@4f58]&amp#27;[0m Proxying [POST /element/00000000-0000-019e-ffff-ffff00000020/click] to [POST http://127.0.0.1:8209/session/17edddf4-a196-49ca-8c47-a08d76399f53/element/00000000-0000-019e-ffff-ffff00000020/click] with body: {"element":"00000000-0000-019e-ffff-ffff00000020"}
&amp#27;[38;5;220m[82d0eea3]&amp#27;[0m&amp#27;[38;5;-90m[AndroidUiautomator2Driver@4f58]&amp#27;[0m Got response with status 200: {"sessionId":"17edddf4-a196-49ca-8c47-a08d76399f53","value":null}
&amp#27;[38;5;220m[82d0eea3]&amp#27;[0m&amp#27;[38;5;-90m[AndroidUiautomator2Driver@4f58]&amp#27;[0m Responding to client with driver.click() result: null
&amp#27;[38;5;220m[82d0eea3]&amp#27;[0m&amp#27;[38;5;86m[HTTP]&amp#27;[0m &amp#27;[37m<-- POST /session/82d0eea3-c491-4185-b5f0-6e728da1ae71/element/00000000-0000-019e-ffff-ffff00000020/click &amp#27;[39m&amp#27;[32m200&amp#27;[39m &amp#27;[90m1068 ms - 14&amp#27;[39m &amp#27;[90m&amp#27;[39m
&amp#27;[38;5;220m[82d0eea3]&amp#27;[0m&amp#27;[38;5;86m[HTTP]&amp#27;[0m &amp#27;[37m-->&amp#27;[39m &amp#27;[37mPOST&amp#27;[39m &amp#27;[37m/session/82d0eea3-c491-4185-b5f0-6e728da1ae71/element&amp#27;[39m &amp#27;[90m{"using":"id","value":"com.androidsample.generalstore:id/btnLetsShop"}&amp#27;[39m
&amp#27;[38;5;220m[82d0eea3]&amp#27;[0m&amp#27;[38;5;-90m[AndroidUiautomator2Driver@4f58]&amp#27;[0m Calling AppiumDriver.findElement() with args: ["id","com.androidsample.generalstore:id/btnLetsShop","82d0eea3-c491-4185-b5f0-6e728da1ae71"]
&amp#27;[38;5;220m[82d0eea3]&amp#27;[0m&amp#27;[38;5;-90m[AndroidUiautomator2Driver@4f58]&amp#27;[0m Valid locator strategies for this request: xpath, id, class name, accessibility id, css selector, -android uiautomator
&amp#27;[38;5;220m[82d0eea3]&amp#27;[0m&amp#27;[38;5;-90m[AndroidUiautomator2Driver@4f58]&amp#27;[0m Waiting up to 10000 ms for condition
&amp#27;[38;5;220m[82d0eea3]&amp#27;[0m&amp#27;[38;5;-90m[AndroidUiautomator2Driver@4f58]&amp#27;[0m Matched '/element' to command name 'findElement'
&amp#27;[38;5;220m[82d0eea3]&amp#27;[0m&amp#27;[38;5;-90m[AndroidUiautomator2Driver@4f58]&amp#27;[0m Proxying [POST /element] to [POST http://127.0.0.1:8209/session/17edddf4-a196-49ca-8c47-a08d76399f53/element] with body: {"strategy":"id","selector":"com.androidsample.generalstore:id/btnLetsShop","context":"","multiple":false}
&amp#27;[38;5;220m[82d0eea3]&amp#27;[0m&amp#27;[38;5;-90m[AndroidUiautomator2Driver@4f58]&amp#27;[0m Got response with status 200: {"sessionId":"17edddf4-a196-49ca-8c47-a08d76399f53","value":{"ELEMENT":"00000000-0000-019e-ffff-ffff00000021","element-6066-11e4-a52e-4f735466cecf":"00000000-0000-019e-ffff-ffff00000021"}}
&amp#27;[38;5;220m[82d0eea3]&amp#27;[0m&amp#27;[38;5;-90m[AndroidUiautomator2Driver@4f58]&amp#27;[0m Responding to client with driver.findElement() result: {"element-6066-11e4-a52e-4f735466cecf":"00000000-0000-019e-ffff-ffff00000021","ELEMENT":"00000000-0000-019e-ffff-ffff00000021"}
&amp#27;[38;5;220m[82d0eea3]&amp#27;[0m&amp#27;[38;5;86m[HTTP]&amp#27;[0m &amp#27;[37m<-- POST /session/82d0eea3-c491-4185-b5f0-6e728da1ae71/element &amp#27;[39m&amp#27;[32m200&amp#27;[39m &amp#27;[90m396 ms - 137&amp#27;[39m &amp#27;[90m&amp#27;[39m
&amp#27;[38;5;220m[82d0eea3]&amp#27;[0m&amp#27;[38;5;86m[HTTP]&amp#27;[0m &amp#27;[37m-->&amp#27;[39m &amp#27;[37mPOST&amp#27;[39m &amp#27;[37m/session/82d0eea3-c491-4185-b5f0-6e728da1ae71/element/00000000-0000-019e-ffff-ffff00000021/click&amp#27;[39m &amp#27;[90m{"id":"00000000-0000-019e-ffff-ffff00000021"}&amp#27;[39m
&amp#27;[38;5;220m[82d0eea3]&amp#27;[0m&amp#27;[38;5;-90m[AndroidUiautomator2Driver@4f58]&amp#27;[0m Calling AppiumDriver.click() with args: ["00000000-0000-019e-ffff-ffff00000021","82d0eea3-c491-4185-b5f0-6e728da1ae71"]
&amp#27;[38;5;220m[82d0eea3]&amp#27;[0m&amp#27;[38;5;-90m[AndroidUiautomator2Driver@4f58]&amp#27;[0m Matched '/element/00000000-0000-019e-ffff-ffff00000021/click' to command name 'click'
&amp#27;[38;5;220m[82d0eea3]&amp#27;[0m&amp#27;[38;5;-90m[AndroidUiautomator2Driver@4f58]&amp#27;[0m Proxying [POST /element/00000000-0000-019e-ffff-ffff00000021/click] to [POST http://127.0.0.1:8209/session/17edddf4-a196-49ca-8c47-a08d76399f53/element/00000000-0000-019e-ffff-ffff00000021/click] with body: {"element":"00000000-0000-019e-ffff-ffff00000021"}
&amp#27;[38;5;220m[82d0eea3]&amp#27;[0m&amp#27;[38;5;-90m[AndroidUiautomator2Driver@4f58]&amp#27;[0m Got response with status 200: {"sessionId":"17edddf4-a196-49ca-8c47-a08d76399f53","value":null}
&amp#27;[38;5;220m[82d0eea3]&amp#27;[0m&amp#27;[38;5;-90m[AndroidUiautomator2Driver@4f58]&amp#27;[0m Responding to client with driver.click() result: null
&amp#27;[38;5;220m[82d0eea3]&amp#27;[0m&amp#27;[38;5;86m[HTTP]&amp#27;[0m &amp#27;[37m<-- POST /session/82d0eea3-c491-4185-b5f0-6e728da1ae71/element/00000000-0000-019e-ffff-ffff00000021/click &amp#27;[39m&amp#27;[32m200&amp#27;[39m &amp#27;[90m687 ms - 14&amp#27;[39m &amp#27;[90m&amp#27;[39m
&amp#27;[38;5;220m[82d0eea3]&amp#27;[0m&amp#27;[38;5;86m[HTTP]&amp#27;[0m &amp#27;[37m-->&amp#27;[39m &amp#27;[37mPOST&amp#27;[39m &amp#27;[37m/session/82d0eea3-c491-4185-b5f0-6e728da1ae71/elements&amp#27;[39m &amp#27;[90m{"using":"xpath","value":"(//android.widget.Toast)[1]"}&amp#27;[39m
&amp#27;[38;5;220m[82d0eea3]&amp#27;[0m&amp#27;[38;5;-90m[AndroidUiautomator2Driver@4f58]&amp#27;[0m Calling AppiumDriver.findElements() with args: ["xpath","(//android.widget.Toast)[1]","82d0eea3-c491-4185-b5f0-6e728da1ae71"]
&amp#27;[38;5;220m[82d0eea3]&amp#27;[0m&amp#27;[38;5;-90m[AndroidUiautomator2Driver@4f58]&amp#27;[0m Valid locator strategies for this request: xpath, id, class name, accessibility id, css selector, -android uiautomator
&amp#27;[38;5;220m[82d0eea3]&amp#27;[0m&amp#27;[38;5;-90m[AndroidUiautomator2Driver@4f58]&amp#27;[0m Waiting up to 10000 ms for condition
&amp#27;[38;5;220m[82d0eea3]&amp#27;[0m&amp#27;[38;5;-90m[AndroidUiautomator2Driver@4f58]&amp#27;[0m Matched '/elements' to command name 'findElements'
&amp#27;[38;5;220m[82d0eea3]&amp#27;[0m&amp#27;[38;5;-90m[AndroidUiautomator2Driver@4f58]&amp#27;[0m Proxying [POST /elements] to [POST http://127.0.0.1:8209/session/17edddf4-a196-49ca-8c47-a08d76399f53/elements] with body: {"strategy":"xpath","selector":"(//android.widget.Toast)[1]","context":"","multiple":true}
&amp#27;[38;5;220m[82d0eea3]&amp#27;[0m&amp#27;[38;5;-90m[AndroidUiautomator2Driver@4f58]&amp#27;[0m Got response with status 200: {"sessionId":"17edddf4-a196-49ca-8c47-a08d76399f53","value":[]}
&amp#27;[38;5;220m[82d0eea3]&amp#27;[0m&amp#27;[38;5;-90m[AndroidUiautomator2Driver@4f58]&amp#27;[0m Waited for 2918 ms so far
&amp#27;[38;5;220m[82d0eea3]&amp#27;[0m&amp#27;[38;5;-90m[AndroidUiautomator2Driver@4f58]&amp#27;[0m Matched '/elements' to command name 'findElements'
&amp#27;[38;5;220m[82d0eea3]&amp#27;[0m&amp#27;[38;5;-90m[AndroidUiautomator2Driver@4f58]&amp#27;[0m Proxying [POST /elements] to [POST http://127.0.0.1:8209/session/17edddf4-a196-49ca-8c47-a08d76399f53/elements] with body: {"strategy":"xpath","selector":"(//android.widget.Toast)[1]","context":"","multiple":true}
&amp#27;[38;5;220m[82d0eea3]&amp#27;[0m&amp#27;[38;5;-90m[AndroidUiautomator2Driver@4f58]&amp#27;[0m Got response with status 200: {"sessionId":"17edddf4-a196-49ca-8c47-a08d76399f53","value":[]}
&amp#27;[38;5;220m[82d0eea3]&amp#27;[0m&amp#27;[38;5;-90m[AndroidUiautomator2Driver@4f58]&amp#27;[0m Waited for 5044 ms so far
&amp#27;[38;5;220m[82d0eea3]&amp#27;[0m&amp#27;[38;5;-90m[AndroidUiautomator2Driver@4f58]&amp#27;[0m Matched '/elements' to command name 'findElements'
&amp#27;[38;5;220m[82d0eea3]&amp#27;[0m&amp#27;[38;5;-90m[AndroidUiautomator2Driver@4f58]&amp#27;[0m Proxying [POST /elements] to [POST http://127.0.0.1:8209/session/17edddf4-a196-49ca-8c47-a08d76399f53/elements] with body: {"strategy":"xpath","selector":"(//android.widget.Toast)[1]","context":"","multiple":true}
&amp#27;[38;5;220m[82d0eea3]&amp#27;[0m&amp#27;[38;5;-90m[AndroidUiautomator2Driver@4f58]&amp#27;[0m Got response with status 200: {"sessionId":"17edddf4-a196-49ca-8c47-a08d76399f53","value":[]}
&amp#27;[38;5;220m[82d0eea3]&amp#27;[0m&amp#27;[38;5;-90m[AndroidUiautomator2Driver@4f58]&amp#27;[0m Waited for 5745 ms so far
&amp#27;[38;5;220m[82d0eea3]&amp#27;[0m&amp#27;[38;5;-90m[AndroidUiautomator2Driver@4f58]&amp#27;[0m Matched '/elements' to command name 'findElements'
&amp#27;[38;5;220m[82d0eea3]&amp#27;[0m&amp#27;[38;5;-90m[AndroidUiautomator2Driver@4f58]&amp#27;[0m Proxying [POST /elements] to [POST http://127.0.0.1:8209/session/17edddf4-a196-49ca-8c47-a08d76399f53/elements] with body: {"strategy":"xpath","selector":"(//android.widget.Toast)[1]","context":"","multiple":true}
&amp#27;[38;5;220m[82d0eea3]&amp#27;[0m&amp#27;[38;5;-90m[AndroidUiautomator2Driver@4f58]&amp#27;[0m Got response with status 200: {"sessionId":"17edddf4-a196-49ca-8c47-a08d76399f53","value":[]}
&amp#27;[38;5;220m[82d0eea3]&amp#27;[0m&amp#27;[38;5;-90m[AndroidUiautomator2Driver@4f58]&amp#27;[0m Waited for 6374 ms so far
&amp#27;[38;5;220m[82d0eea3]&amp#27;[0m&amp#27;[38;5;-90m[AndroidUiautomator2Driver@4f58]&amp#27;[0m Matched '/elements' to command name 'findElements'
&amp#27;[38;5;220m[82d0eea3]&amp#27;[0m&amp#27;[38;5;-90m[AndroidUiautomator2Driver@4f58]&amp#27;[0m Proxying [POST /elements] to [POST http://127.0.0.1:8209/session/17edddf4-a196-49ca-8c47-a08d76399f53/elements] with body: {"strategy":"xpath","selector":"(//android.widget.Toast)[1]","context":"","multiple":true}
&amp#27;[38;5;220m[82d0eea3]&amp#27;[0m&amp#27;[38;5;-90m[AndroidUiautomator2Driver@4f58]&amp#27;[0m Got response with status 200: {"sessionId":"17edddf4-a196-49ca-8c47-a08d76399f53","value":[]}
&amp#27;[38;5;220m[82d0eea3]&amp#27;[0m&amp#27;[38;5;-90m[AndroidUiautomator2Driver@4f58]&amp#27;[0m Waited for 7071 ms so far
&amp#27;[38;5;220m[82d0eea3]&amp#27;[0m&amp#27;[38;5;-90m[AndroidUiautomator2Driver@4f58]&amp#27;[0m Matched '/elements' to command name 'findElements'
&amp#27;[38;5;220m[82d0eea3]&amp#27;[0m&amp#27;[38;5;-90m[AndroidUiautomator2Driver@4f58]&amp#27;[0m Proxying [POST /elements] to [POST http://127.0.0.1:8209/session/17edddf4-a196-49ca-8c47-a08d76399f53/elements] with body: {"strategy":"xpath","selector":"(//android.widget.Toast)[1]","context":"","multiple":true}
&amp#27;[38;5;220m[82d0eea3]&amp#27;[0m&amp#27;[38;5;-90m[AndroidUiautomator2Driver@4f58]&amp#27;[0m Got response with status 200: {"sessionId":"17edddf4-a196-49ca-8c47-a08d76399f53","value":[]}
&amp#27;[38;5;220m[82d0eea3]&amp#27;[0m&amp#27;[38;5;-90m[AndroidUiautomator2Driver@4f58]&amp#27;[0m Waited for 7707 ms so far
&amp#27;[38;5;220m[82d0eea3]&amp#27;[0m&amp#27;[38;5;-90m[AndroidUiautomator2Driver@4f58]&amp#27;[0m Matched '/elements' to command name 'findElements'
&amp#27;[38;5;220m[82d0eea3]&amp#27;[0m&amp#27;[38;5;-90m[AndroidUiautomator2Driver@4f58]&amp#27;[0m Proxying [POST /elements] to [POST http://127.0.0.1:8209/session/17edddf4-a196-49ca-8c47-a08d76399f53/elements] with body: {"strategy":"xpath","selector":"(//android.widget.Toast)[1]","context":"","multiple":true}
&amp#27;[38;5;220m[82d0eea3]&amp#27;[0m&amp#27;[38;5;-90m[AndroidUiautomator2Driver@4f58]&amp#27;[0m Got response with status 200: {"sessionId":"17edddf4-a196-49ca-8c47-a08d76399f53","value":[]}
&amp#27;[38;5;220m[82d0eea3]&amp#27;[0m&amp#27;[38;5;-90m[AndroidUiautomator2Driver@4f58]&amp#27;[0m Waited for 8318 ms so far
&amp#27;[38;5;220m[82d0eea3]&amp#27;[0m&amp#27;[38;5;-90m[AndroidUiautomator2Driver@4f58]&amp#27;[0m Matched '/elements' to command name 'findElements'
&amp#27;[38;5;220m[82d0eea3]&amp#27;[0m&amp#27;[38;5;-90m[AndroidUiautomator2Driver@4f58]&amp#27;[0m Proxying [POST /elements] to [POST http://127.0.0.1:8209/session/17edddf4-a196-49ca-8c47-a08d76399f53/elements] with body: {"strategy":"xpath","selector":"(//android.widget.Toast)[1]","context":"","multiple":true}
&amp#27;[38;5;220m[82d0eea3]&amp#27;[0m&amp#27;[38;5;-90m[AndroidUiautomator2Driver@4f58]&amp#27;[0m Got response with status 200: {"sessionId":"17edddf4-a196-49ca-8c47-a08d76399f53","value":[]}
&amp#27;[38;5;220m[82d0eea3]&amp#27;[0m&amp#27;[38;5;-90m[AndroidUiautomator2Driver@4f58]&amp#27;[0m Waited for 8943 ms so far
&amp#27;[38;5;220m[82d0eea3]&amp#27;[0m&amp#27;[38;5;-90m[AndroidUiautomator2Driver@4f58]&amp#27;[0m Matched '/elements' to command name 'findElements'
&amp#27;[38;5;220m[82d0eea3]&amp#27;[0m&amp#27;[38;5;-90m[AndroidUiautomator2Driver@4f58]&amp#27;[0m Proxying [POST /elements] to [POST http://127.0.0.1:8209/session/17edddf4-a196-49ca-8c47-a08d76399f53/elements] with body: {"strategy":"xpath","selector":"(//android.widget.Toast)[1]","context":"","multiple":true}
&amp#27;[38;5;220m[82d0eea3]&amp#27;[0m&amp#27;[38;5;-90m[AndroidUiautomator2Driver@4f58]&amp#27;[0m Got response with status 200: {"sessionId":"17edddf4-a196-49ca-8c47-a08d76399f53","value":[]}
&amp#27;[38;5;220m[82d0eea3]&amp#27;[0m&amp#27;[38;5;-90m[AndroidUiautomator2Driver@4f58]&amp#27;[0m Waited for 9570 ms so far
&amp#27;[38;5;220m[82d0eea3]&amp#27;[0m&amp#27;[38;5;-90m[AndroidUiautomator2Driver@4f58]&amp#27;[0m Matched '/elements' to command name 'findElements'
&amp#27;[38;5;220m[82d0eea3]&amp#27;[0m&amp#27;[38;5;-90m[AndroidUiautomator2Driver@4f58]&amp#27;[0m Proxying [POST /elements] to [POST http://127.0.0.1:8209/session/17edddf4-a196-49ca-8c47-a08d76399f53/elements] with body: {"strategy":"xpath","selector":"(//android.widget.Toast)[1]","context":"","multiple":true}
&amp#27;[38;5;220m[82d0eea3]&amp#27;[0m&amp#27;[38;5;-90m[AndroidUiautomator2Driver@4f58]&amp#27;[0m Got response with status 200: {"sessionId":"17edddf4-a196-49ca-8c47-a08d76399f53","value":[]}
&amp#27;[38;5;220m[82d0eea3]&amp#27;[0m&amp#27;[38;5;-90m[AndroidUiautomator2Driver@4f58]&amp#27;[0m Responding to client with driver.findElements() result: []
&amp#27;[38;5;220m[82d0eea3]&amp#27;[0m&amp#27;[38;5;86m[HTTP]&amp#27;[0m &amp#27;[37m<-- POST /session/82d0eea3-c491-4185-b5f0-6e728da1ae71/elements &amp#27;[39m&amp#27;[32m200&amp#27;[39m &amp#27;[90m10127 ms - 12&amp#27;[39m &amp#27;[90m&amp#27;[39m
]]></system-out>
  </testcase>
</testsuite>