<?xml version="1.0" encoding="UTF-8"?>
<testng-results ignored="0" total="4" passed="4" failed="0" skipped="0">
  <reporter-output>
  </reporter-output>
  <suite started-at="2025-06-19T17:07:50 IST" name="Suite" finished-at="2025-06-19T17:12:32 IST" duration-ms="282454">
    <groups>
      <group name="Smoke">
        <method signature="eCommerce_tc_4_Hybrid.FillForm(java.util.HashMap)[pri:0, instance:org.rahulshettyacademy.eCommerce_tc_4_Hybrid@3feb2dda]" name="FillForm" class="org.rahulshettyacademy.eCommerce_tc_4_Hybrid"/>
      </group> <!-- Smoke -->
    </groups>
    <test started-at="2025-06-19T17:07:50 IST" name="End to End Framework Test" finished-at="2025-06-19T17:10:42 IST" duration-ms="171953">
      <class name="org.rahulshettyacademy.eCommerce_tc_4_Hybrid">
        <test-method is-config="true" signature="ConfigureAppium()[pri:0, instance:org.rahulshettyacademy.eCommerce_tc_4_Hybrid@3feb2dda]" started-at="2025-06-19T17:07:50 IST" name="ConfigureAppium" finished-at="2025-06-19T17:08:19 IST" duration-ms="29360" status="PASS">
          <reporter-output>
          </reporter-output>
        </test-method> <!-- ConfigureAppium -->
        <test-method is-config="true" signature="launchApp()[pri:0, instance:org.rahulshettyacademy.eCommerce_tc_4_Hybrid@3feb2dda]" started-at="2025-06-19T17:08:20 IST" name="launchApp" finished-at="2025-06-19T17:08:21 IST" duration-ms="1032" status="PASS">
          <reporter-output>
          </reporter-output>
        </test-method> <!-- launchApp -->
        <test-method signature="FillForm(java.util.HashMap)[pri:0, instance:org.rahulshettyacademy.eCommerce_tc_4_Hybrid@3feb2dda]" started-at="2025-06-19T17:08:21 IST" name="FillForm" data-provider="getData" finished-at="2025-06-19T17:09:18 IST" duration-ms="57536" status="PASS">
          <params>
            <param index="0">
              <value>
                <![CDATA[{gender=Female, name=Rahul Shetty, country=Argentina}]]>
              </value>
            </param>
          </params>
          <reporter-output>
          </reporter-output>
        </test-method> <!-- FillForm -->
        <test-method is-config="true" signature="resetApp()[pri:0, instance:org.rahulshettyacademy.eCommerce_tc_4_Hybrid@3feb2dda]" started-at="2025-06-19T17:09:19 IST" name="resetApp" finished-at="2025-06-19T17:09:25 IST" duration-ms="6262" status="PASS">
          <reporter-output>
          </reporter-output>
        </test-method> <!-- resetApp -->
        <test-method is-config="true" signature="launchApp()[pri:0, instance:org.rahulshettyacademy.eCommerce_tc_4_Hybrid@3feb2dda]" started-at="2025-06-19T17:09:25 IST" name="launchApp" finished-at="2025-06-19T17:09:26 IST" duration-ms="741" status="PASS">
          <reporter-output>
          </reporter-output>
        </test-method> <!-- launchApp -->
        <test-method signature="FillForm(java.util.HashMap)[pri:0, instance:org.rahulshettyacademy.eCommerce_tc_4_Hybrid@3feb2dda]" started-at="2025-06-19T17:09:26 IST" name="FillForm" data-provider="getData" finished-at="2025-06-19T17:10:35 IST" duration-ms="69260" status="PASS">
          <params>
            <param index="0">
              <value>
                <![CDATA[{gender=Male, name=Aashish Sharma, country=Argentina}]]>
              </value>
            </param>
          </params>
          <reporter-output>
          </reporter-output>
        </test-method> <!-- FillForm -->
        <test-method is-config="true" signature="resetApp()[pri:0, instance:org.rahulshettyacademy.eCommerce_tc_4_Hybrid@3feb2dda]" started-at="2025-06-19T17:10:35 IST" name="resetApp" finished-at="2025-06-19T17:10:39 IST" duration-ms="4346" status="PASS">
          <reporter-output>
          </reporter-output>
        </test-method> <!-- resetApp -->
        <test-method is-config="true" signature="tearDown()[pri:0, instance:org.rahulshettyacademy.eCommerce_tc_4_Hybrid@3feb2dda]" started-at="2025-06-19T17:10:39 IST" name="tearDown" finished-at="2025-06-19T17:10:42 IST" duration-ms="2806" status="PASS">
          <reporter-output>
          </reporter-output>
        </test-method> <!-- tearDown -->
      </class> <!-- org.rahulshettyacademy.eCommerce_tc_4_Hybrid -->
    </test> <!-- End to End Framework Test -->
    <test started-at="2025-06-19T17:10:43 IST" name="Error Validation Test" finished-at="2025-06-19T17:12:32 IST" duration-ms="109863">
      <class name="org.rahulshettyacademy.eCommerce_tc_1">
        <test-method is-config="true" signature="ConfigureAppium()[pri:0, instance:org.rahulshettyacademy.eCommerce_tc_1@12591ac8]" started-at="2025-06-19T17:10:43 IST" name="ConfigureAppium" finished-at="2025-06-19T17:11:12 IST" duration-ms="29597" status="PASS">
          <reporter-output>
          </reporter-output>
        </test-method> <!-- ConfigureAppium -->
        <test-method is-config="true" signature="preSetup()[pri:0, instance:org.rahulshettyacademy.eCommerce_tc_1@12591ac8]" started-at="2025-06-19T17:11:12 IST" name="preSetup" finished-at="2025-06-19T17:11:13 IST" duration-ms="338" status="PASS">
          <reporter-output>
          </reporter-output>
        </test-method> <!-- preSetup -->
        <test-method signature="FillForm_ErrorValidation()[pri:0, instance:org.rahulshettyacademy.eCommerce_tc_1@12591ac8]" started-at="2025-06-19T17:11:13 IST" name="FillForm_ErrorValidation" finished-at="2025-06-19T17:12:09 IST" duration-ms="56151" status="PASS">
          <reporter-output>
          </reporter-output>
        </test-method> <!-- FillForm_ErrorValidation -->
        <test-method is-config="true" signature="preSetup()[pri:0, instance:org.rahulshettyacademy.eCommerce_tc_1@12591ac8]" started-at="2025-06-19T17:12:09 IST" name="preSetup" finished-at="2025-06-19T17:12:09 IST" duration-ms="206" status="PASS">
          <reporter-output>
          </reporter-output>
        </test-method> <!-- preSetup -->
        <test-method signature="FillForm_PositiveFlow()[pri:0, instance:org.rahulshettyacademy.eCommerce_tc_1@12591ac8]" started-at="2025-06-19T17:12:09 IST" name="FillForm_PositiveFlow" finished-at="2025-06-19T17:12:29 IST" duration-ms="20438" status="PASS">
          <reporter-output>
          </reporter-output>
        </test-method> <!-- FillForm_PositiveFlow -->
        <test-method is-config="true" signature="tearDown()[pri:0, instance:org.rahulshettyacademy.eCommerce_tc_1@12591ac8]" started-at="2025-06-19T17:12:29 IST" name="tearDown" finished-at="2025-06-19T17:12:32 IST" duration-ms="3126" status="PASS">
          <reporter-output>
          </reporter-output>
        </test-method> <!-- tearDown -->
      </class> <!-- org.rahulshettyacademy.eCommerce_tc_1 -->
    </test> <!-- Error Validation Test -->
  </suite> <!-- Suite -->
</testng-results>
