<?xml version="1.0" encoding="UTF-8"?>
<testng-results ignored="0" total="4" passed="4" failed="0" skipped="0">
  <reporter-output>
  </reporter-output>
  <suite started-at="2025-06-19T16:26:35 IST" name="Suite" finished-at="2025-06-19T16:31:01 IST" duration-ms="265750">
    <groups>
      <group name="Smoke">
        <method signature="eCommerce_tc_4_Hybrid.FillForm(java.util.HashMap)[pri:0, instance:org.rahulshettyacademy.eCommerce_tc_4_Hybrid@4c2bb6e0]" name="FillForm" class="org.rahulshettyacademy.eCommerce_tc_4_Hybrid"/>
      </group> <!-- Smoke -->
    </groups>
    <test started-at="2025-06-19T16:26:35 IST" name="End to End Framework Test" finished-at="2025-06-19T16:29:15 IST" duration-ms="160672">
      <class name="org.rahulshettyacademy.eCommerce_tc_4_Hybrid">
        <test-method is-config="true" signature="ConfigureAppium()[pri:0, instance:org.rahulshettyacademy.eCommerce_tc_4_Hybrid@4c2bb6e0]" started-at="2025-06-19T16:26:35 IST" name="ConfigureAppium" finished-at="2025-06-19T16:27:09 IST" duration-ms="33807" status="PASS">
          <reporter-output>
          </reporter-output>
        </test-method> <!-- ConfigureAppium -->
        <test-method is-config="true" signature="launchApp()[pri:0, instance:org.rahulshettyacademy.eCommerce_tc_4_Hybrid@4c2bb6e0]" started-at="2025-06-19T16:27:10 IST" name="launchApp" finished-at="2025-06-19T16:27:11 IST" duration-ms="1247" status="PASS">
          <reporter-output>
          </reporter-output>
        </test-method> <!-- launchApp -->
        <test-method signature="FillForm(java.util.HashMap)[pri:0, instance:org.rahulshettyacademy.eCommerce_tc_4_Hybrid@4c2bb6e0]" started-at="2025-06-19T16:27:11 IST" name="FillForm" data-provider="getData" finished-at="2025-06-19T16:28:04 IST" duration-ms="52896" status="PASS">
          <params>
            <param index="0">
              <value>
                <![CDATA[{gender=Female, name=Rahul Shetty, country=Argentina}]]>
              </value>
            </param>
          </params>
          <reporter-output>
          </reporter-output>
        </test-method> <!-- FillForm -->
        <test-method is-config="true" signature="resetApp()[pri:0, instance:org.rahulshettyacademy.eCommerce_tc_4_Hybrid@4c2bb6e0]" started-at="2025-06-19T16:28:04 IST" name="resetApp" finished-at="2025-06-19T16:28:08 IST" duration-ms="4383" status="PASS">
          <reporter-output>
          </reporter-output>
        </test-method> <!-- resetApp -->
        <test-method is-config="true" signature="launchApp()[pri:0, instance:org.rahulshettyacademy.eCommerce_tc_4_Hybrid@4c2bb6e0]" started-at="2025-06-19T16:28:08 IST" name="launchApp" finished-at="2025-06-19T16:28:09 IST" duration-ms="626" status="PASS">
          <reporter-output>
          </reporter-output>
        </test-method> <!-- launchApp -->
        <test-method signature="FillForm(java.util.HashMap)[pri:0, instance:org.rahulshettyacademy.eCommerce_tc_4_Hybrid@4c2bb6e0]" started-at="2025-06-19T16:28:09 IST" name="FillForm" data-provider="getData" finished-at="2025-06-19T16:29:08 IST" duration-ms="58876" status="PASS">
          <params>
            <param index="0">
              <value>
                <![CDATA[{gender=Male, name=Aashish Sharma, country=Argentina}]]>
              </value>
            </param>
          </params>
          <reporter-output>
          </reporter-output>
        </test-method> <!-- FillForm -->
        <test-method is-config="true" signature="resetApp()[pri:0, instance:org.rahulshettyacademy.eCommerce_tc_4_Hybrid@4c2bb6e0]" started-at="2025-06-19T16:29:08 IST" name="resetApp" finished-at="2025-06-19T16:29:13 IST" duration-ms="5370" status="PASS">
          <reporter-output>
          </reporter-output>
        </test-method> <!-- resetApp -->
        <test-method is-config="true" signature="tearDown()[pri:0, instance:org.rahulshettyacademy.eCommerce_tc_4_Hybrid@4c2bb6e0]" started-at="2025-06-19T16:29:13 IST" name="tearDown" finished-at="2025-06-19T16:29:15 IST" duration-ms="2511" status="PASS">
          <reporter-output>
          </reporter-output>
        </test-method> <!-- tearDown -->
      </class> <!-- org.rahulshettyacademy.eCommerce_tc_4_Hybrid -->
    </test> <!-- End to End Framework Test -->
    <test started-at="2025-06-19T16:29:17 IST" name="Error Validation Test" finished-at="2025-06-19T16:31:01 IST" duration-ms="104022">
      <class name="org.rahulshettyacademy.eCommerce_tc_1">
        <test-method is-config="true" signature="ConfigureAppium()[pri:0, instance:org.rahulshettyacademy.eCommerce_tc_1@6950ed69]" started-at="2025-06-19T16:29:17 IST" name="ConfigureAppium" finished-at="2025-06-19T16:29:41 IST" duration-ms="24450" status="PASS">
          <reporter-output>
          </reporter-output>
        </test-method> <!-- ConfigureAppium -->
        <test-method is-config="true" signature="preSetup()[pri:0, instance:org.rahulshettyacademy.eCommerce_tc_1@6950ed69]" started-at="2025-06-19T16:29:41 IST" name="preSetup" finished-at="2025-06-19T16:29:42 IST" duration-ms="729" status="PASS">
          <reporter-output>
          </reporter-output>
        </test-method> <!-- preSetup -->
        <test-method signature="FillForm_ErrorValidation()[pri:0, instance:org.rahulshettyacademy.eCommerce_tc_1@6950ed69]" started-at="2025-06-19T16:29:42 IST" name="FillForm_ErrorValidation" finished-at="2025-06-19T16:30:37 IST" duration-ms="54849" status="PASS">
          <reporter-output>
          </reporter-output>
        </test-method> <!-- FillForm_ErrorValidation -->
        <test-method is-config="true" signature="preSetup()[pri:0, instance:org.rahulshettyacademy.eCommerce_tc_1@6950ed69]" started-at="2025-06-19T16:30:37 IST" name="preSetup" finished-at="2025-06-19T16:30:37 IST" duration-ms="247" status="PASS">
          <reporter-output>
          </reporter-output>
        </test-method> <!-- preSetup -->
        <test-method signature="FillForm_PositiveFlow()[pri:0, instance:org.rahulshettyacademy.eCommerce_tc_1@6950ed69]" started-at="2025-06-19T16:30:37 IST" name="FillForm_PositiveFlow" finished-at="2025-06-19T16:30:57 IST" duration-ms="20035" status="PASS">
          <reporter-output>
          </reporter-output>
        </test-method> <!-- FillForm_PositiveFlow -->
        <test-method is-config="true" signature="tearDown()[pri:0, instance:org.rahulshettyacademy.eCommerce_tc_1@6950ed69]" started-at="2025-06-19T16:30:57 IST" name="tearDown" finished-at="2025-06-19T16:31:01 IST" duration-ms="3695" status="PASS">
          <reporter-output>
          </reporter-output>
        </test-method> <!-- tearDown -->
      </class> <!-- org.rahulshettyacademy.eCommerce_tc_1 -->
    </test> <!-- Error Validation Test -->
  </suite> <!-- Suite -->
</testng-results>
